TN:
SF:/home/runner/work/dlt-daemon/dlt-daemon/src/console/dlt-control-common.c
FN:102,105,get_verbosity
FN:107,110,set_verbosity
FN:112,115,get_ecuid
FN:117,142,set_ecuid
FN:144,154,set_conf
FN:156,159,get_timeout
FN:161,170,set_timeout
FN:172,175,set_send_serial_header
FN:177,180,set_resync_serial_header
FN:182,252,dlt_parse_config_param
FN:263,299,prepare_extra_headers
FN:310,355,prepare_headers
FN:366,420,dlt_control_prepare_message
FN:433,464,dlt_control_init_connection
FN:475,480,dlt_control_listen_to_daemon
FN:499,534,dlt_control_callback
FN:549,605,dlt_control_send_message
FN:618,647,dlt_control_init
FN:655,673,dlt_control_deinit
FNDA:18,get_verbosity
FNDA:0,set_verbosity
FNDA:4,get_ecuid
FNDA:2,set_ecuid
FNDA:2,set_conf
FNDA:2,get_timeout
FNDA:2,set_timeout
FNDA:2,set_send_serial_header
FNDA:2,set_resync_serial_header
FNDA:2,dlt_parse_config_param
FNDA:2,prepare_extra_headers
FNDA:2,prepare_headers
FNDA:2,dlt_control_prepare_message
FNDA:2,dlt_control_init_connection
FNDA:2,dlt_control_listen_to_daemon
FNDA:2,dlt_control_callback
FNDA:2,dlt_control_send_message
FNDA:2,dlt_control_init
FNDA:2,dlt_control_deinit
FNF:19
FNH:18
DA:102,18
DA:104,46
DA:107,0
DA:109,2
DA:110,0
DA:112,4
DA:114,4
DA:117,2
DA:119,2
DA:121,2
DA:123,0
DA:124,0
DA:126,0
DA:127,0
DA:129,0
DA:132,0
DA:139,0
DA:142,2
DA:144,2
DA:146,2
DA:149,2
DA:152,0
DA:154,2
DA:156,2
DA:158,2
DA:161,2
DA:163,2
DA:165,2
DA:166,2
DA:168,0
DA:170,2
DA:172,2
DA:174,2
DA:175,2
DA:177,2
DA:179,2
DA:180,2
DA:182,2
DA:186,2
DA:187,2
DA:188,2
DA:192,2
DA:193,0
DA:196,2
DA:201,2
DA:203,2
DA:206,14
DA:207,12
DA:208,2
DA:209,2
DA:210,2
DA:212,4
DA:213,4
DA:220,2
DA:223,2
DA:226,2
DA:227,2
DA:228,2
DA:229,2
DA:242,2
DA:245,0
DA:248,2
DA:249,0
DA:263,2
DA:267,2
DA:269,2
DA:272,2
DA:274,2
DA:277,2
DA:279,2
DA:282,2
DA:283,0
DA:284,0
DA:288,2
DA:290,2
DA:292,2
DA:295,2
DA:296,2
DA:298,2
DA:310,2
DA:314,2
DA:316,2
DA:319,2
DA:321,2
DA:322,0
DA:323,0
DA:327,2
DA:328,2
DA:330,2
DA:337,2
DA:340,2
DA:345,2
DA:347,2
DA:348,0
DA:349,0
DA:352,2
DA:354,2
DA:366,2
DA:370,2
DA:372,2
DA:373,0
DA:374,0
DA:377,2
DA:379,2
DA:380,0
DA:381,0
DA:384,2
DA:385,0
DA:386,0
DA:387,0
DA:391,2
DA:394,2
DA:396,2
DA:397,0
DA:398,0
DA:399,0
DA:403,2
DA:406,2
DA:407,0
DA:408,0
DA:409,0
DA:413,2
DA:414,0
DA:415,0
DA:416,0
DA:433,2
DA:435,2
DA:437,2
DA:438,0
DA:439,0
DA:442,2
DA:444,2
DA:445,0
DA:446,0
DA:449,2
DA:451,2
DA:453,2
DA:455,0
DA:456,0
DA:457,0
DA:461,2
DA:463,2
DA:475,2
DA:477,2
DA:478,2
DA:479,2
DA:499,2
DA:501,2
DA:504,2
DA:505,0
DA:506,0
DA:510,2
DA:511,2
DA:513,0
DA:515,2
DA:518,2
DA:526,2
DA:527,4
DA:528,2
DA:529,2
DA:530,2
DA:531,2
DA:533,2
DA:549,2
DA:554,2
DA:555,0
DA:556,0
DA:559,2
DA:560,0
DA:561,0
DA:564,2
DA:567,2
DA:569,2
DA:570,0
DA:571,0
DA:574,2
DA:577,2
DA:579,2
DA:581,0
DA:582,0
DA:583,0
DA:586,0
DA:587,0
DA:594,2
DA:595,2
DA:598,2
DA:599,2
DA:604,2
DA:618,2
DA:622,2
DA:623,0
DA:624,0
DA:627,2
DA:628,2
DA:631,2
DA:632,0
DA:633,0
DA:634,0
DA:638,2
DA:642,0
DA:643,0
DA:655,2
DA:661,2
DA:662,2
DA:663,2
DA:664,2
DA:667,2
DA:668,0
DA:672,2
LF:209
LH:144
end_of_record
TN:
SF:/home/runner/work/dlt-daemon/dlt-daemon/src/console/dlt-convert.c
FN:100,127,usage
FN:129,177,empty_dir
FN:182,534,main
FNDA:0,usage
FNDA:0,empty_dir
FNDA:18,main
FNF:3
FNH:1
DA:100,0
DA:104,0
DA:127,0
DA:129,0
DA:131,0
DA:134,0
DA:137,0
DA:138,0
DA:139,0
DA:142,0
DA:143,0
DA:144,0
DA:147,0
DA:148,0
DA:149,0
DA:150,0
DA:153,0
DA:155,0
DA:157,0
DA:158,0
DA:159,0
DA:161,0
DA:162,0
DA:163,0
DA:164,0
DA:165,0
DA:167,0
DA:173,0
DA:176,0
DA:182,18
DA:207,18
DA:210,18
DA:213,18
DA:221,18
DA:223,36
DA:224,18
DA:231,0
DA:234,0
DA:236,18
DA:239,18
DA:241,0
DA:244,0
DA:246,0
DA:249,0
DA:251,0
DA:254,0
DA:256,0
DA:259,0
DA:261,0
DA:264,0
DA:266,0
DA:268,0
DA:269,0
DA:271,0
DA:273,0
DA:274,0
DA:276,0
DA:278,0
DA:279,0
DA:281,0
DA:283,0
DA:284,0
DA:286,0
DA:288,0
DA:289,0
DA:291,0
DA:293,0
DA:294,0
DA:295,0
DA:296,0
DA:298,0
DA:301,0
DA:302,0
DA:312,18
DA:315,18
DA:316,0
DA:317,0
DA:318,0
DA:321,0
DA:324,18
DA:327,0
DA:328,0
DA:329,0
DA:330,0
DA:334,18
DA:336,0
DA:337,0
DA:338,0
DA:339,0
DA:340,0
DA:342,0
DA:346,0
DA:347,0
DA:349,0
DA:352,0
DA:356,0
DA:357,0
DA:358,0
DA:359,0
DA:360,0
DA:363,0
DA:364,0
DA:365,0
DA:366,0
DA:371,0
DA:372,0
DA:373,0
DA:374,0
DA:375,0
DA:377,0
DA:381,0
DA:384,35
DA:385,18
DA:388,0
DA:390,0
DA:394,18
DA:395,526
DA:399,18
DA:400,18
DA:405,18
DA:408,18
DA:410,18
DA:411,1
DA:412,1
DA:413,0
DA:415,1
DA:418,17
DA:419,0
DA:420,0
DA:421,0
DA:423,0
DA:426,526
DA:427,509
DA:428,0
DA:430,509
DA:432,0
DA:433,0
DA:435,509
DA:438,509
DA:439,0
DA:443,509
DA:444,0
DA:448,0
DA:450,0
DA:451,0
DA:453,0
DA:456,0
DA:457,0
DA:463,509
DA:464,0
DA:465,0
DA:466,0
DA:467,0
DA:469,0
DA:471,0
DA:473,0
DA:474,0
DA:475,0
DA:480,509
DA:482,0
DA:485,0
DA:488,0
DA:489,0
DA:490,0
DA:502,17
DA:503,0
DA:505,0
DA:506,0
DA:510,17
DA:511,0
DA:513,17
DA:514,0
DA:515,0
DA:516,0
DA:517,0
DA:518,0
DA:520,0
DA:522,0
DA:524,17
DA:526,0
DA:527,0
DA:528,0
DA:531,17
DA:533,17
LF:184
LH:40
end_of_record
TN:
SF:/home/runner/work/dlt-daemon/dlt-daemon/src/console/dlt-receive.c
FN:148,181,usage
FN:184,232,convert_arg_to_byte_size
FN:238,309,dlt_receive_open_output_file
FN:312,318,dlt_receive_close_output_file
FN:324,658,main
FN:660,743,dlt_receive_message_callback
FN:95,111,signal_handler
FNDA:0,usage
FNDA:0,convert_arg_to_byte_size
FNDA:0,dlt_receive_open_output_file
FNDA:0,dlt_receive_close_output_file
FNDA:1,main
FNDA:206,dlt_receive_message_callback
FNDA:1,signal_handler
FNF:7
FNH:3
DA:95,1
DA:97,1
DA:98,1
DA:103,1
DA:104,1
DA:105,1
DA:111,1
DA:148,0
DA:152,0
DA:181,0
DA:184,0
DA:191,0
DA:192,0
DA:198,0
DA:204,0
DA:210,0
DA:214,0
DA:223,0
DA:224,0
DA:238,0
DA:243,0
DA:248,0
DA:249,0
DA:251,0
DA:253,0
DA:254,0
DA:264,0
DA:272,0
DA:276,0
DA:278,0
DA:279,0
DA:283,0
DA:285,0
DA:290,0
DA:292,0
DA:295,0
DA:296,0
DA:297,0
DA:298,0
DA:299,0
DA:301,0
DA:305,0
DA:307,0
DA:308,0
DA:312,0
DA:314,0
DA:315,0
DA:316,0
DA:318,0
DA:324,1
DA:332,1
DA:333,1
DA:334,1
DA:335,1
DA:342,1
DA:343,1
DA:344,1
DA:345,1
DA:346,1
DA:347,1
DA:350,1
DA:352,2
DA:353,1
DA:354,0
DA:356,0
DA:357,0
DA:359,0
DA:361,0
DA:362,0
DA:364,0
DA:366,0
DA:367,0
DA:369,0
DA:371,0
DA:372,0
DA:374,0
DA:376,0
DA:377,0
DA:379,0
DA:381,0
DA:382,0
DA:384,0
DA:386,0
DA:387,0
DA:389,0
DA:391,0
DA:392,0
DA:394,0
DA:396,0
DA:397,0
DA:399,0
DA:401,0
DA:402,0
DA:404,0
DA:406,0
DA:407,0
DA:409,0
DA:411,0
DA:412,0
DA:414,0
DA:420,0
DA:422,0
DA:425,0
DA:426,0
DA:427,0
DA:428,0
DA:430,1
DA:432,1
DA:433,1
DA:435,1
DA:438,1
DA:440,1
DA:441,0
DA:442,0
DA:445,1
DA:446,1
DA:449,0
DA:451,0
DA:452,0
DA:454,0
DA:456,0
DA:457,0
DA:459,0
DA:461,0
DA:462,0
DA:465,0
DA:467,0
DA:469,0
DA:470,0
DA:472,0
DA:473,0
DA:478,0
DA:480,0
DA:481,0
DA:482,0
DA:483,0
DA:485,0
DA:488,0
DA:489,0
DA:491,0
DA:493,0
DA:499,1
DA:502,1
DA:505,1
DA:506,0
DA:509,1
DA:512,1
DA:513,1
DA:516,2
DA:517,1
DA:518,1
DA:519,0
DA:522,1
DA:523,1
DA:524,1
DA:526,1
DA:528,0
DA:531,1
DA:532,1
DA:534,1
DA:535,0
DA:536,0
DA:540,1
DA:542,0
DA:543,0
DA:544,0
DA:545,0
DA:548,1
DA:549,0
DA:550,0
DA:551,0
DA:556,0
DA:557,0
DA:558,0
DA:559,0
DA:562,0
DA:564,0
DA:565,0
DA:566,0
DA:569,0
DA:573,1
DA:574,1
DA:577,1
DA:580,1
DA:582,1
DA:583,0
DA:584,0
DA:585,0
DA:588,0
DA:605,1
DA:606,1
DA:607,0
DA:609,0
DA:612,1
DA:615,1
DA:616,0
DA:617,0
DA:618,0
DA:622,1
DA:623,0
DA:625,1
DA:629,1
DA:632,1
DA:634,1
DA:635,0
DA:636,0
DA:639,1
DA:640,1
DA:648,1
DA:649,1
DA:651,1
DA:653,1
DA:655,1
DA:657,1
DA:660,206
DA:668,206
DA:674,206
DA:675,206
DA:677,0
DA:679,206
DA:680,0
DA:682,206
DA:683,0
DA:685,206
DA:688,0
DA:692,0
DA:696,206
DA:698,0
DA:700,206
DA:703,0
DA:709,206
DA:710,206
DA:711,206
DA:712,206
DA:713,206
DA:715,206
DA:716,0
DA:718,0
DA:721,0
DA:724,0
DA:727,0
DA:731,206
DA:733,206
DA:735,206
DA:737,0
LF:245
LH:87
end_of_record
TN:
SF:/home/runner/work/dlt-daemon/dlt-daemon/src/console/logstorage/dlt-logstorage-common.c
FN:100,103,get_default_event_type
FN:105,108,set_default_event_type
FN:110,113,get_default_path
FN:115,121,set_default_path
FN:126,129,get_logstorage_control
FN:131,134,dlt_logstorage_get_handler_cb
FN:136,139,dlt_logstorage_get_handler_fd
FN:145,158,dlt_logstorage_init_handler
FN:164,177,dlt_logstorage_deinit_handler
FN:188,225,dlt_logstorage_check_config_file
FN:233,244,dlt_logstorage_check_directory_permission
FN:254,297,prepare_message_body
FN:306,323,dlt_logstorage_send_event
FN:87,90,get_handler_type
FN:92,98,set_handler_type
FNDA:6,get_default_event_type
FNDA:2,set_default_event_type
FNDA:2,get_default_path
FNDA:2,set_default_path
FNDA:0,get_logstorage_control
FNDA:0,dlt_logstorage_get_handler_cb
FNDA:0,dlt_logstorage_get_handler_fd
FNDA:0,dlt_logstorage_init_handler
FNDA:0,dlt_logstorage_deinit_handler
FNDA:0,dlt_logstorage_check_config_file
FNDA:0,dlt_logstorage_check_directory_permission
FNDA:2,prepare_message_body
FNDA:2,dlt_logstorage_send_event
FNDA:4,get_handler_type
FNDA:0,set_handler_type
FNF:15
FNH:7
DA:87,4
DA:89,4
DA:92,0
DA:94,0
DA:98,0
DA:100,6
DA:102,6
DA:105,2
DA:107,2
DA:108,2
DA:110,2
DA:112,2
DA:115,2
DA:119,2
DA:121,2
DA:126,0
DA:128,0
DA:131,0
DA:133,0
DA:136,0
DA:138,0
DA:145,0
DA:147,0
DA:150,0
DA:155,0
DA:164,0
DA:166,0
DA:169,0
DA:174,0
DA:188,0
DA:195,0
DA:196,0
DA:197,0
DA:200,0
DA:202,0
DA:204,0
DA:205,0
DA:206,0
DA:210,0
DA:212,0
DA:214,0
DA:218,0
DA:220,0
DA:221,0
DA:223,0
DA:224,0
DA:233,0
DA:235,0
DA:236,0
DA:237,0
DA:240,0
DA:254,2
DA:260,2
DA:261,0
DA:262,0
DA:265,2
DA:267,2
DA:269,2
DA:270,0
DA:271,0
DA:274,2
DA:276,2
DA:277,0
DA:278,0
DA:279,0
DA:280,0
DA:283,2
DA:287,2
DA:288,2
DA:292,2
DA:294,2
DA:296,2
DA:306,2
DA:309,2
DA:312,2
DA:313,0
DA:314,0
DA:317,2
DA:319,2
DA:320,2
DA:322,2
LF:81
LH:32
end_of_record
TN:
SF:/home/runner/work/dlt-daemon/dlt-daemon/src/console/logstorage/dlt-logstorage-ctrl.c
FN:110,116,catch_signal
FN:123,140,install_signal_handler
FN:153,199,analyze_response
FN:212,227,dlt_logstorage_ctrl_add_event
FN:236,283,dlt_logstorage_ctrl_execute_event_loop
FN:293,343,dlt_logstorage_ctrl_setup_event_loop
FN:349,387,dlt_logstorage_ctrl_single_request
FN:391,414,usage
FN:439,537,parse_args
FN:540,546,sd_notify
FN:558,602,main
FN:90,93,dlt_logstorage_exit
FN:99,102,dlt_logstorage_must_exit
FNDA:0,catch_signal
FNDA:0,install_signal_handler
FNDA:2,analyze_response
FNDA:0,dlt_logstorage_ctrl_add_event
FNDA:0,dlt_logstorage_ctrl_execute_event_loop
FNDA:0,dlt_logstorage_ctrl_setup_event_loop
FNDA:2,dlt_logstorage_ctrl_single_request
FNDA:0,usage
FNDA:2,parse_args
FNDA:0,sd_notify
FNDA:2,main
FNDA:0,dlt_logstorage_exit
FNDA:0,dlt_logstorage_must_exit
FNF:13
FNH:4
DA:90,0
DA:92,0
DA:93,0
DA:99,0
DA:101,0
DA:110,0
DA:112,0
DA:113,0
DA:116,0
DA:123,0
DA:125,0
DA:129,0
DA:132,0
DA:134,0
DA:136,0
DA:137,0
DA:140,0
DA:153,2
DA:156,2
DA:157,2
DA:158,2
DA:160,2
DA:182,2
DA:185,2
DA:186,0
DA:190,2
DA:191,0
DA:195,2
DA:196,2
DA:212,0
DA:216,0
DA:217,0
DA:218,0
DA:221,0
DA:223,0
DA:224,0
DA:226,0
DA:236,0
DA:239,0
DA:241,0
DA:243,0
DA:244,0
DA:247,0
DA:248,0
DA:250,0
DA:253,0
DA:256,0
DA:257,0
DA:261,0
DA:262,0
DA:263,0
DA:265,0
DA:268,0
DA:269,0
DA:271,0
DA:274,0
DA:276,0
DA:277,0
DA:279,0
DA:293,0
DA:296,0
DA:303,0
DA:305,0
DA:308,0
DA:310,0
DA:311,0
DA:312,0
DA:315,0
DA:316,0
DA:317,0
DA:320,0
DA:322,0
DA:323,0
DA:324,0
DA:325,0
DA:328,0
DA:331,0
DA:335,0
DA:336,0
DA:339,0
DA:340,0
DA:342,0
DA:349,2
DA:354,2
DA:356,0
DA:357,0
DA:360,0
DA:363,0
DA:364,0
DA:365,0
DA:370,2
DA:372,0
DA:373,0
DA:374,0
DA:377,2
DA:381,2
DA:384,2
DA:386,2
DA:391,0
DA:411,0
DA:414,0
DA:439,2
DA:442,2
DA:444,6
DA:448,6
DA:449,4
DA:450,2
DA:451,2
DA:453,2
DA:454,0
DA:455,0
DA:458,2
DA:459,2
DA:460,0
DA:461,0
DA:462,0
DA:464,0
DA:466,0
DA:467,0
DA:469,0
DA:471,0
DA:472,0
DA:474,0
DA:475,0
DA:476,0
DA:477,0
DA:478,0
DA:479,0
DA:480,0
DA:481,0
DA:482,0
DA:483,0
DA:485,0
DA:487,0
DA:488,0
DA:489,0
DA:492,0
DA:493,0
DA:494,0
DA:495,0
DA:496,0
DA:498,0
DA:499,0
DA:500,0
DA:502,2
DA:503,2
DA:504,2
DA:506,0
DA:507,0
DA:508,0
DA:509,0
DA:510,0
DA:512,0
DA:513,0
DA:515,0
DA:517,0
DA:518,0
DA:519,0
DA:520,0
DA:521,0
DA:526,4
DA:527,2
DA:528,0
DA:529,0
DA:533,2
DA:534,0
DA:540,0
DA:545,0
DA:558,2
DA:562,2
DA:563,2
DA:564,2
DA:567,2
DA:572,2
DA:573,2
DA:575,2
DA:577,2
DA:578,0
DA:581,0
DA:585,0
DA:590,0
DA:591,0
DA:592,0
DA:596,0
DA:597,0
DA:600,2
LF:186
LH:43
end_of_record
TN:
SF:/home/runner/work/dlt-daemon/dlt-daemon/src/console/logstorage/dlt-logstorage-list.c
FN:103,123,logstorage_find_dev_info
FN:135,188,logstorage_store_dev_info
FN:200,232,logstorage_delete_dev_info
FN:79,92,print_list
FNDA:0,logstorage_find_dev_info
FNDA:0,logstorage_store_dev_info
FNDA:0,logstorage_delete_dev_info
FNDA:0,print_list
FNF:4
FNH:0
DA:79,0
DA:81,0
DA:82,0
DA:84,0
DA:85,0
DA:86,0
DA:89,0
DA:91,0
DA:103,0
DA:105,0
DA:107,0
DA:110,0
DA:112,0
DA:113,0
DA:114,0
DA:118,0
DA:135,0
DA:140,0
DA:141,0
DA:142,0
DA:145,0
DA:146,0
DA:147,0
DA:148,0
DA:151,0
DA:153,0
DA:154,0
DA:155,0
DA:158,0
DA:159,0
DA:161,0
DA:164,0
DA:166,0
DA:167,0
DA:168,0
DA:170,0
DA:173,0
DA:174,0
DA:177,0
DA:179,0
DA:180,0
DA:182,0
DA:184,0
DA:185,0
DA:187,0
DA:200,0
DA:205,0
DA:207,0
DA:208,0
DA:209,0
DA:210,0
DA:214,0
DA:216,0
DA:217,0
DA:219,0
DA:220,0
DA:222,0
DA:223,0
DA:225,0
DA:226,0
DA:228,0
DA:229,0
DA:231,0
LF:63
LH:0
end_of_record
TN:
SF:/home/runner/work/dlt-daemon/dlt-daemon/src/daemon/dlt-daemon.c
FN:1312,1358,dlt_mkdir_recursive
FN:1361,1398,dlt_daemon_create_pipes_dir
FN:1406,1661,main
FN:1676,1735,dlt_daemon_local_init_p1
FN:1737,1837,dlt_daemon_local_init_p2
FN:1839,1894,dlt_daemon_init_serial
FN:1897,1978,dlt_daemon_init_fifo
FN:195,235,usage
FN:2071,2116,dlt_daemon_initialize_control_socket
FN:2118,2232,dlt_daemon_local_connection_init
FN:2234,2286,file_read_everything
FN:2288,2341,file_read_field
FN:2343,2370,dlt_daemon_local_ecu_version_init
FN:2372,2430,dlt_daemon_local_cleanup
FN:240,378,option_handling
FN:2432,2454,dlt_daemon_exit_trigger
FN:2456,2479,dlt_daemon_signal_handler
FN:2505,2567,dlt_daemon_daemonize
FN:2575,2652,dlt_daemon_log_internal
FN:2654,2668,dlt_daemon_check_numeric_setting
FN:2670,2784,dlt_daemon_process_client_connect
FN:2786,2861,dlt_daemon_process_client_messages
FN:2863,2930,dlt_daemon_process_client_messages_serial
FN:2932,2979,dlt_daemon_process_control_connect
FN:3028,3094,dlt_daemon_process_control_messages
FN:3096,3116,dlt_daemon_process_user_message_not_sup
FN:3137,3239,dlt_daemon_process_user_messages
FN:3241,3277,dlt_daemon_process_user_message_overflow
FN:3279,3297,dlt_daemon_send_message_overflow
FN:3299,3420,dlt_daemon_process_user_message_register_application
FN:3422,3630,dlt_daemon_process_user_message_register_context
FN:3632,3727,dlt_daemon_process_user_message_unregister_application
FN:3729,3804,dlt_daemon_process_user_message_unregister_context
FN:3806,3943,dlt_daemon_process_user_message_log
FN:383,911,option_file_parser
FN:3945,3974,enforce_context_ll_and_ts_keep_message
FN:4036,4110,dlt_daemon_process_user_message_set_app_ll_ts
FN:4112,4143,dlt_daemon_process_user_message_log_mode
FN:4145,4173,dlt_daemon_process_user_message_marker
FN:4175,4218,dlt_daemon_send_ringbuffer_to_client
FN:4264,4353,create_timer_fd
FN:4356,4401,dlt_daemon_close_socket
FNDA:9,dlt_mkdir_recursive
FNDA:9,dlt_daemon_create_pipes_dir
FNDA:9,main
FNDA:9,dlt_daemon_local_init_p1
FNDA:9,dlt_daemon_local_init_p2
FNDA:9,dlt_daemon_init_serial
FNDA:9,dlt_daemon_init_fifo
FNDA:0,usage
FNDA:9,dlt_daemon_initialize_control_socket
FNDA:9,dlt_daemon_local_connection_init
FNDA:0,file_read_everything
FNDA:0,file_read_field
FNDA:9,dlt_daemon_local_ecu_version_init
FNDA:9,dlt_daemon_local_cleanup
FNDA:9,option_handling
FNDA:9,dlt_daemon_exit_trigger
FNDA:9,dlt_daemon_signal_handler
FNDA:2,dlt_daemon_daemonize
FNDA:40,dlt_daemon_log_internal
FNDA:3,dlt_daemon_check_numeric_setting
FNDA:4,dlt_daemon_process_client_connect
FNDA:4,dlt_daemon_process_client_messages
FNDA:0,dlt_daemon_process_client_messages_serial
FNDA:2,dlt_daemon_process_control_connect
FNDA:4,dlt_daemon_process_control_messages
FNDA:0,dlt_daemon_process_user_message_not_sup
FNDA:1191,dlt_daemon_process_user_messages
FNDA:0,dlt_daemon_process_user_message_overflow
FNDA:0,dlt_daemon_send_message_overflow
FNDA:7,dlt_daemon_process_user_message_register_application
FNDA:38,dlt_daemon_process_user_message_register_context
FNDA:6,dlt_daemon_process_user_message_unregister_application
FNDA:37,dlt_daemon_process_user_message_unregister_context
FNDA:5810,dlt_daemon_process_user_message_log
FNDA:9,option_file_parser
FNDA:0,enforce_context_ll_and_ts_keep_message
FNDA:0,dlt_daemon_process_user_message_set_app_ll_ts
FNDA:0,dlt_daemon_process_user_message_log_mode
FNDA:0,dlt_daemon_process_user_message_marker
FNDA:3,dlt_daemon_send_ringbuffer_to_client
FNDA:10,create_timer_fd
FNDA:5,dlt_daemon_close_socket
FNF:42
FNH:31
DA:195,0
DA:198,0
DA:235,0
DA:240,9
DA:248,9
DA:249,0
DA:250,0
DA:257,9
DA:260,9
DA:267,9
DA:278,20
DA:279,11
DA:280,2
DA:282,2
DA:283,2
DA:285,8
DA:287,8
DA:305,0
DA:307,0
DA:308,0
DA:319,1
DA:321,1
DA:323,1
DA:324,0
DA:325,0
DA:330,0
DA:332,0
DA:333,0
DA:336,0
DA:338,0
DA:346,0
DA:347,0
DA:348,0
DA:350,0
DA:353,0
DA:354,0
DA:356,0
DA:358,0
DA:359,0
DA:366,9
DA:368,9
DA:376,9
DA:383,9
DA:384,9
DA:386,9
DA:387,9
DA:388,9
DA:394,9
DA:395,9
DA:396,9
DA:397,9
DA:398,9
DA:399,9
DA:400,9
DA:401,9
DA:408,9
DA:413,9
DA:414,0
DA:417,9
DA:418,9
DA:419,9
DA:421,9
DA:422,9
DA:423,9
DA:424,9
DA:425,9
DA:426,9
DA:427,9
DA:428,9
DA:429,9
DA:430,9
DA:431,9
DA:432,9
DA:433,9
DA:434,9
DA:435,9
DA:436,9
DA:437,9
DA:438,9
DA:440,9
DA:451,9
DA:453,9
DA:454,9
DA:457,9
DA:458,9
DA:459,9
DA:460,9
DA:466,9
DA:467,9
DA:470,9
DA:471,8
DA:476,9
DA:478,9
DA:481,112
DA:482,49
DA:483,49
DA:484,49
DA:486,92
DA:487,86
DA:490,86
DA:491,43
DA:492,43
DA:495,43
DA:496,43
DA:497,43
DA:500,43
DA:503,49
DA:505,43
DA:506,0
DA:509,43
DA:511,0
DA:514,43
DA:516,0
DA:519,43
DA:521,0
DA:524,43
DA:526,0
DA:529,43
DA:531,1
DA:534,42
DA:536,0
DA:539,42
DA:541,0
DA:544,42
DA:546,0
DA:549,42
DA:551,0
DA:554,42
DA:556,0
DA:557,0
DA:560,42
DA:562,0
DA:563,0
DA:566,42
DA:568,1
DA:569,1
DA:572,41
DA:574,0
DA:575,0
DA:578,41
DA:580,1
DA:583,40
DA:585,1
DA:588,39
DA:593,1
DA:596,38
DA:598,0
DA:600,38
DA:602,0
DA:604,38
DA:606,0
DA:608,38
DA:610,1
DA:613,37
DA:615,1
DA:617,0
DA:618,0
DA:621,36
DA:623,1
DA:625,0
DA:626,0
DA:629,35
DA:631,1
DA:633,0
DA:634,0
DA:637,34
DA:639,1
DA:642,33
DA:644,0
DA:647,0
DA:650,33
DA:652,0
DA:655,33
DA:657,0
DA:660,33
DA:662,0
DA:665,33
DA:667,0
DA:670,33
DA:675,0
DA:678,33
DA:682,0
DA:685,33
DA:687,0
DA:690,33
DA:692,6
DA:694,27
DA:696,6
DA:700,21
DA:703,6
DA:704,6
DA:706,15
DA:709,0
DA:710,0
DA:712,15
DA:714,0
DA:715,0
DA:716,15
DA:717,6
DA:719,9
DA:721,0
DA:722,0
DA:723,0
DA:726,9
DA:737,2
DA:739,1
DA:742,1
DA:753,0
DA:757,0
DA:758,0
DA:762,0
DA:769,0
DA:773,0
DA:774,0
DA:778,0
DA:785,0
DA:789,0
DA:790,0
DA:794,0
DA:801,0
DA:803,0
DA:805,0
DA:806,0
DA:812,0
DA:815,0
DA:845,0
DA:850,0
DA:852,0
DA:853,0
DA:855,0
DA:856,0
DA:857,0
DA:858,0
DA:861,0
DA:864,0
DA:867,0
DA:869,0
DA:870,0
DA:872,0
DA:873,0
DA:874,0
DA:875,0
DA:878,0
DA:881,0
DA:883,0
DA:888,0
DA:891,0
DA:892,0
DA:895,0
DA:904,7
DA:907,2
DA:1312,9
DA:1321,9
DA:1323,9
DA:1324,0
DA:1326,9
DA:1328,36
DA:1329,27
DA:1330,0
DA:1332,0
DA:1333,0
DA:1341,0
DA:1346,9
DA:1347,9
DA:1354,9
DA:1357,9
DA:1361,9
DA:1365,9
DA:1366,0
DA:1367,0
DA:1371,9
DA:1374,9
DA:1375,0
DA:1380,0
DA:1384,9
DA:1388,9
DA:1389,0
DA:1392,0
DA:1394,0
DA:1406,9
DA:1418,9
DA:1419,0
DA:1420,0
DA:1422,0
DA:1426,9
DA:1427,0
DA:1428,0
DA:1430,0
DA:1434,9
DA:1435,9
DA:1437,9
DA:1438,9
DA:1442,9
DA:1443,0
DA:1460,9
DA:1462,9
DA:1464,9
DA:1469,9
DA:1470,0
DA:1471,0
DA:1483,9
DA:1484,0
DA:1485,0
DA:1490,9
DA:1492,0
DA:1493,0
DA:1497,9
DA:1498,0
DA:1499,0
DA:1504,9
DA:1505,0
DA:1506,0
DA:1513,9
DA:1516,9
DA:1517,0
DA:1518,0
DA:1540,9
DA:1541,6
DA:1546,0
DA:1580,9
DA:1583,9
DA:1584,9
DA:1585,0
DA:1588,9
DA:1589,1
DA:1590,0
DA:1591,0
DA:1595,1
DA:1604,9
DA:1605,0
DA:1607,9
DA:1609,9
DA:1618,9
DA:1619,0
DA:1620,0
DA:1622,0
DA:1624,9
DA:1630,1242
DA:1631,1233
DA:1635,9
DA:1637,9
DA:1640,9
DA:1642,9
DA:1648,9
DA:1650,9
DA:1655,9
DA:1657,9
DA:1659,9
DA:1676,9
DA:1678,9
DA:1681,9
DA:1682,0
DA:1683,0
DA:1705,9
DA:1711,9
DA:1712,2
DA:1715,9
DA:1717,9
DA:1718,0
DA:1720,0
DA:1721,0
DA:1724,9
DA:1726,9
DA:1727,9
DA:1728,9
DA:1729,9
DA:1734,9
DA:1737,9
DA:1739,9
DA:1741,9
DA:1742,0
DA:1743,0
DA:1747,9
DA:1748,9
DA:1752,0
DA:1753,0
DA:1757,9
DA:1758,0
DA:1759,0
DA:1760,0
DA:1763,0
DA:1767,0
DA:1768,0
DA:1773,9
DA:1774,6
DA:1776,6
DA:1777,0
DA:1778,0
DA:1785,9
DA:1786,1
DA:1788,8
DA:1791,9
DA:1812,9
DA:1813,0
DA:1814,0
DA:1818,9
DA:1819,0
DA:1822,9
DA:1823,9
DA:1825,9
DA:1826,0
DA:1827,0
DA:1830,9
DA:1834,9
DA:1836,9
DA:1839,9
DA:1845,9
DA:1848,0
DA:1850,0
DA:1851,0
DA:1854,0
DA:1855,0
DA:1858,0
DA:1861,0
DA:1862,0
DA:1864,0
DA:1866,0
DA:1867,0
DA:1868,0
DA:1870,0
DA:1871,0
DA:1873,0
DA:1876,0
DA:1877,0
DA:1880,0
DA:1881,0
DA:1884,0
DA:1885,0
DA:1886,0
DA:1889,0
DA:1897,9
DA:1904,9
DA:1907,9
DA:1908,9
DA:1910,9
DA:1912,9
DA:1913,0
DA:1914,0
DA:1915,0
DA:1919,9
DA:1920,0
DA:1921,0
DA:1923,0
DA:1924,0
DA:1926,0
DA:1927,0
DA:1931,0
DA:1933,0
DA:1938,0
DA:1946,9
DA:1947,0
DA:1948,0
DA:1949,0
DA:1956,9
DA:1958,0
DA:1959,0
DA:1963,9
DA:1964,0
DA:1966,9
DA:1973,9
DA:2071,9
DA:2076,9
DA:2078,9
DA:2079,0
DA:2080,0
DA:2099,9
DA:2100,9
DA:2104,9
DA:2105,9
DA:2110,0
DA:2118,9
DA:2122,9
DA:2124,9
DA:2126,9
DA:2127,0
DA:2128,0
DA:2131,9
DA:2142,9
DA:2143,0
DA:2144,0
DA:2157,9
DA:2159,9
DA:2161,9
DA:2162,9
DA:2167,0
DA:2168,0
DA:2172,0
DA:2173,0
DA:2178,0
DA:2180,0
DA:2181,0
DA:2186,0
DA:2192,0
DA:2195,0
DA:2198,0
DA:2199,0
DA:2200,0
DA:2220,9
DA:2221,0
DA:2222,0
DA:2226,9
DA:2227,0
DA:2228,0
DA:2234,0
DA:2236,0
DA:2241,0
DA:2242,0
DA:2243,0
DA:2244,0
DA:2245,0
DA:2246,0
DA:2250,0
DA:2251,0
DA:2252,0
DA:2253,0
DA:2254,0
DA:2257,0
DA:2258,0
DA:2259,0
DA:2260,0
DA:2261,0
DA:2265,0
DA:2266,0
DA:2268,0
DA:2269,0
DA:2270,0
DA:2271,0
DA:2272,0
DA:2275,0
DA:2276,0
DA:2277,0
DA:2278,0
DA:2279,0
DA:2283,0
DA:2285,0
DA:2288,0
DA:2290,0
DA:2295,0
DA:2299,0
DA:2300,0
DA:2304,0
DA:2312,0
DA:2313,0
DA:2314,0
DA:2318,0
DA:2319,0
DA:2320,0
DA:2325,0
DA:2328,0
DA:2329,0
DA:2333,0
DA:2334,0
DA:2338,0
DA:2340,0
DA:2343,9
DA:2347,9
DA:2350,9
DA:2353,9
DA:2355,9
DA:2357,9
DA:2358,9
DA:2361,0
DA:2362,0
DA:2364,0
DA:2367,0
DA:2369,0
DA:2372,9
DA:2374,9
DA:2376,9
DA:2377,0
DA:2378,0
DA:2382,9
DA:2384,9
DA:2387,9
DA:2388,0
DA:2391,9
DA:2395,9
DA:2411,9
DA:2413,6
DA:2417,6
DA:2420,9
DA:2421,9
DA:2423,9
DA:2424,1
DA:2425,1
DA:2429,9
DA:2432,9
DA:2435,9
DA:2438,9
DA:2441,9
DA:2442,9
DA:2443,0
DA:2447,9
DA:2454,9
DA:2456,9
DA:2458,9
DA:2460,9
DA:2461,9
DA:2467,9
DA:2469,9
DA:2470,9
DA:2479,9
DA:2505,2
DA:2510,2
DA:2512,2
DA:2515,2
DA:2517,4
DA:2518,0
DA:2519,0
DA:2522,4
DA:2523,2
DA:2530,2
DA:2531,0
DA:2532,0
DA:2538,2
DA:2540,2
DA:2541,0
DA:2544,2
DA:2545,0
DA:2547,2
DA:2550,0
DA:2551,0
DA:2555,2
DA:2558,2
DA:2559,0
DA:2562,2
DA:2563,2
DA:2564,2
DA:2565,2
DA:2567,2
DA:2575,40
DA:2579,40
DA:2586,40
DA:2589,40
DA:2590,40
DA:2593,40
DA:2594,40
DA:2596,40
DA:2600,40
DA:2605,40
DA:2606,40
DA:2607,40
DA:2610,40
DA:2611,40
DA:2612,40
DA:2613,40
DA:2615,40
DA:2616,40
DA:2617,40
DA:2620,40
DA:2621,40
DA:2622,40
DA:2624,40
DA:2625,40
DA:2627,40
DA:2628,0
DA:2629,0
DA:2632,40
DA:2634,40
DA:2635,40
DA:2636,40
DA:2637,40
DA:2638,40
DA:2641,40
DA:2643,40
DA:2646,40
DA:2647,40
DA:2649,40
DA:2651,40
DA:2654,3
DA:2657,3
DA:2658,3
DA:2659,3
DA:2660,3
DA:2661,3
DA:2662,0
DA:2665,0
DA:2670,4
DA:2679,4
DA:2681,4
DA:2683,4
DA:2684,0
DA:2687,0
DA:2691,4
DA:2693,4
DA:2694,0
DA:2696,0
DA:2697,0
DA:2703,4
DA:2704,4
DA:2708,4
DA:2709,4
DA:2711,4
DA:2716,0
DA:2718,4
DA:2723,0
DA:2724,0
DA:2725,0
DA:2729,4
DA:2737,4
DA:2739,0
DA:2744,0
DA:2745,0
DA:2751,4
DA:2755,4
DA:2758,4
DA:2760,4
DA:2761,3
DA:2762,0
DA:2764,3
DA:2766,3
DA:2767,0
DA:2768,0
DA:2770,0
DA:2774,3
DA:2775,3
DA:2786,4
DA:2794,4
DA:2796,4
DA:2797,0
DA:2800,0
DA:2803,4
DA:2805,4
DA:2806,0
DA:2810,0
DA:2814,12
DA:2815,12
DA:2816,12
DA:2818,12
DA:2820,8
DA:2821,8
DA:2822,8
DA:2828,8
DA:2829,8
DA:2832,8
DA:2835,8
DA:2836,0
DA:2838,8
DA:2839,0
DA:2841,0
DA:2845,4
DA:2846,0
DA:2848,0
DA:2851,4
DA:2855,1
DA:2863,0
DA:2870,0
DA:2872,0
DA:2873,0
DA:2876,0
DA:2879,0
DA:2880,0
DA:2883,0
DA:2887,0
DA:2888,0
DA:2889,0
DA:2891,0
DA:2893,0
DA:2894,0
DA:2900,0
DA:2901,0
DA:2905,0
DA:2906,0
DA:2909,0
DA:2912,0
DA:2913,0
DA:2915,0
DA:2916,0
DA:2918,0
DA:2922,0
DA:2923,0
DA:2926,0
DA:2932,2
DA:2942,2
DA:2944,2
DA:2945,0
DA:2948,0
DA:2952,2
DA:2954,2
DA:2955,0
DA:2956,0
DA:2962,2
DA:2963,2
DA:2965,2
DA:2970,0
DA:2972,0
DA:2975,2
DA:2976,0
DA:3028,4
DA:3036,4
DA:3038,4
DA:3039,0
DA:3042,0
DA:3045,4
DA:3046,2
DA:3053,2
DA:3057,4
DA:3059,4
DA:3060,4
DA:3062,4
DA:3064,2
DA:3065,2
DA:3066,2
DA:3071,2
DA:3072,2
DA:3075,2
DA:3078,2
DA:3079,0
DA:3081,2
DA:3082,0
DA:3084,0
DA:3088,2
DA:3089,0
DA:3090,0
DA:3096,0
DA:3101,0
DA:3105,0
DA:3107,0
DA:3111,0
DA:3112,0
DA:3115,0
DA:3137,1191
DA:3148,1191
DA:3150,1191
DA:3151,0
DA:3154,0
DA:3157,1191
DA:3159,1191
DA:3160,0
DA:3164,0
DA:3166,1191
DA:3167,0
DA:3169,0
DA:3181,7089
DA:3196,5898
DA:3198,5898
DA:3199,0
DA:3201,0
DA:3202,0
DA:3206,5898
DA:3210,5898
DA:3211,0
DA:3212,0
DA:3214,0
DA:3218,5898
DA:3221,5898
DA:3223,5898
DA:3231,1191
DA:3232,0
DA:3235,0
DA:3241,0
DA:3249,0
DA:3251,0
DA:3252,0
DA:3254,0
DA:3257,0
DA:3266,0
DA:3274,0
DA:3279,0
DA:3282,0
DA:3284,0
DA:3285,0
DA:3286,0
DA:3291,0
DA:3299,7
DA:3309,7
DA:3314,7
DA:3316,7
DA:3317,0
DA:3319,0
DA:3323,7
DA:3329,7
DA:3334,7
DA:3338,7
DA:3341,7
DA:3343,7
DA:3345,0
DA:3349,7
DA:3351,7
DA:3352,0
DA:3363,7
DA:3365,7
DA:3368,7
DA:3369,0
DA:3370,0
DA:3373,7
DA:3375,7
DA:3376,0
DA:3378,7
DA:3379,0
DA:3381,7
DA:3390,7
DA:3392,7
DA:3393,0
DA:3395,0
DA:3397,7
DA:3399,7
DA:3401,7
DA:3404,7
DA:3407,7
DA:3410,7
DA:3422,38
DA:3430,38
DA:3438,38
DA:3440,38
DA:3441,0
DA:3443,0
DA:3447,38
DA:3452,38
DA:3457,38
DA:3461,38
DA:3464,38
DA:3466,38
DA:3467,0
DA:3472,38
DA:3474,38
DA:3475,0
DA:3486,38
DA:3488,38
DA:3491,38
DA:3492,0
DA:3493,0
DA:3496,38
DA:3498,38
DA:3501,38
DA:3502,0
DA:3508,0
DA:3512,38
DA:3513,38
DA:3516,0
DA:3523,38
DA:3524,38
DA:3527,0
DA:3533,38
DA:3536,38
DA:3537,38
DA:3544,38
DA:3545,0
DA:3548,0
DA:3551,38
DA:3553,38
DA:3556,38
DA:3557,38
DA:3560,38
DA:3561,0
DA:3565,38
DA:3568,38
DA:3570,33
DA:3571,33
DA:3572,33
DA:3576,5
DA:3579,38
DA:3581,0
DA:3582,0
DA:3583,0
DA:3586,0
DA:3588,0
DA:3589,0
DA:3590,0
DA:3593,0
DA:3594,0
DA:3595,0
DA:3598,0
DA:3599,0
DA:3600,0
DA:3605,0
DA:3606,0
DA:3607,0
DA:3608,0
DA:3609,0
DA:3611,0
DA:3613,0
DA:3616,38
DA:3617,38
DA:3619,38
DA:3620,0
DA:3624,0
DA:3632,6
DA:3644,6
DA:3646,6
DA:3647,0
DA:3650,0
DA:3653,6
DA:3660,6
DA:3662,6
DA:3665,6
DA:3669,6
DA:3674,6
DA:3678,6
DA:3679,0
DA:3681,6
DA:3682,0
DA:3684,0
DA:3686,0
DA:3690,0
DA:3692,0
DA:3693,0
DA:3695,0
DA:3701,6
DA:3705,0
DA:3707,0
DA:3709,0
DA:3712,6
DA:3718,6
DA:3721,6
DA:3729,37
DA:3738,37
DA:3740,37
DA:3741,0
DA:3745,0
DA:3748,37
DA:3755,37
DA:3758,37
DA:3765,37
DA:3767,37
DA:3768,0
DA:3773,0
DA:3776,37
DA:3784,37
DA:3785,0
DA:3789,37
DA:3794,37
DA:3795,0
DA:3806,5810
DA:3814,5810
DA:3816,5810
DA:3817,0
DA:3818,0
DA:3885,5810
DA:3886,5810
DA:3887,5810
DA:3891,5810
DA:3892,0
DA:3900,0
DA:3902,0
DA:3911,0
DA:3924,0
DA:3925,5810
DA:3928,5810
DA:3929,5810
DA:3932,5810
DA:3935,5810
DA:3936,0
DA:3937,0
DA:3945,0
DA:3951,5810
DA:3952,0
DA:3962,0
DA:3973,0
DA:4036,0
DA:4049,0
DA:4051,0
DA:4052,0
DA:4055,0
DA:4058,0
DA:4060,0
DA:4065,0
DA:4072,0
DA:4074,0
DA:4079,0
DA:4083,0
DA:4084,0
DA:4086,0
DA:4087,0
DA:4089,0
DA:4090,0
DA:4091,0
DA:4093,0
DA:4094,0
DA:4097,0
DA:4098,0
DA:4101,0
DA:4102,0
DA:4112,0
DA:4120,0
DA:4122,0
DA:4123,0
DA:4124,0
DA:4129,0
DA:4137,0
DA:4140,0
DA:4142,0
DA:4145,0
DA:4152,0
DA:4154,0
DA:4155,0
DA:4157,0
DA:4162,0
DA:4170,0
DA:4172,0
DA:4175,3
DA:4184,3
DA:4186,3
DA:4187,0
DA:4188,0
DA:4191,3
DA:4192,1
DA:4193,1
DA:4196,4
DA:4201,4
DA:4202,4
DA:4204,0
DA:4206,4
DA:4208,4
DA:4209,0
DA:4211,4
DA:4212,2
DA:4213,2
DA:4264,10
DA:4272,10
DA:4273,0
DA:4274,0
DA:4277,10
DA:4279,10
DA:4280,0
DA:4281,0
DA:4284,10
DA:4286,0
DA:4292,10
DA:4294,10
DA:4295,0
DA:4296,0
DA:4298,10
DA:4299,10
DA:4300,10
DA:4301,10
DA:4303,10
DA:4304,0
DA:4305,0
DA:4348,10
DA:4352,10
DA:4356,5
DA:4358,5
DA:4360,5
DA:4362,5
DA:4363,0
DA:4364,0
DA:4368,5
DA:4372,5
DA:4374,3
DA:4375,3
DA:4380,3
DA:4381,3
DA:4384,5
DA:4391,5
DA:4395,5
DA:4398,5
DA:4400,5
LF:1148
LH:608
end_of_record
TN:
SF:/home/runner/work/dlt-daemon/dlt-daemon/src/daemon/dlt_daemon_client.c
FN:104,177,dlt_daemon_client_send_all_multiple
FN:1235,1294,dlt_daemon_control_message_buffer_overflow
FN:1296,1340,dlt_daemon_control_service_response
FN:1342,1395,dlt_daemon_control_message_unregister_context
FN:1397,1448,dlt_daemon_control_message_connection_info
FN:1450,1503,dlt_daemon_control_message_timezone
FN:1505,1549,dlt_daemon_control_message_marker
FN:1551,1674,dlt_daemon_control_callsw_cinjection
FN:1676,1700,dlt_daemon_send_log_level
FN:1702,1748,dlt_daemon_find_multiple_context_and_send_log_level
FN:1750,1846,dlt_daemon_control_set_log_level
FN:179,329,dlt_daemon_client_send
FN:1849,1873,dlt_daemon_send_trace_status
FN:1875,1921,dlt_daemon_find_multiple_context_and_send_trace_status
FN:1923,2019,dlt_daemon_control_set_trace_status
FN:2021,2056,dlt_daemon_control_set_default_log_level
FN:2058,2097,dlt_daemon_control_set_all_log_level
FN:2099,2135,dlt_daemon_control_set_default_trace_status
FN:2137,2175,dlt_daemon_control_set_all_trace_status
FN:2177,2204,dlt_daemon_control_set_timing_packets
FN:2206,2278,dlt_daemon_control_message_time
FN:2280,2323,dlt_daemon_process_one_s_timer
FN:2325,2374,dlt_daemon_process_sixty_s_timer
FN:2415,2428,dlt_daemon_process_systemd_timer
FN:2431,2666,dlt_daemon_control_service_logstorage
FN:2668,2723,dlt_daemon_control_passive_node_connect
FN:2725,2805,dlt_daemon_control_passive_node_connect_status
FN:331,403,dlt_daemon_client_send_message_to_all_client
FN:405,487,dlt_daemon_client_send_control_message
FN:489,749,dlt_daemon_client_process_control
FN:751,810,dlt_daemon_control_get_software_version
FN:812,865,dlt_daemon_control_get_default_log_level
FN:867,1233,dlt_daemon_control_get_log_info
FNDA:214,dlt_daemon_client_send_all_multiple
FNDA:0,dlt_daemon_control_message_buffer_overflow
FNDA:3,dlt_daemon_control_service_response
FNDA:0,dlt_daemon_control_message_unregister_context
FNDA:9,dlt_daemon_control_message_connection_info
FNDA:0,dlt_daemon_control_message_timezone
FNDA:0,dlt_daemon_control_message_marker
FNDA:0,dlt_daemon_control_callsw_cinjection
FNDA:0,dlt_daemon_send_log_level
FNDA:0,dlt_daemon_find_multiple_context_and_send_log_level
FNDA:1,dlt_daemon_control_set_log_level
FNDA:5884,dlt_daemon_client_send
FNDA:0,dlt_daemon_send_trace_status
FNDA:0,dlt_daemon_find_multiple_context_and_send_trace_status
FNDA:0,dlt_daemon_control_set_trace_status
FNDA:0,dlt_daemon_control_set_default_log_level
FNDA:0,dlt_daemon_control_set_all_log_level
FNDA:0,dlt_daemon_control_set_default_trace_status
FNDA:0,dlt_daemon_control_set_all_trace_status
FNDA:0,dlt_daemon_control_set_timing_packets
FNDA:0,dlt_daemon_control_message_time
FNDA:11,dlt_daemon_process_one_s_timer
FNDA:0,dlt_daemon_process_sixty_s_timer
FNDA:0,dlt_daemon_process_systemd_timer
FNDA:2,dlt_daemon_control_service_logstorage
FNDA:0,dlt_daemon_control_passive_node_connect
FNDA:0,dlt_daemon_control_passive_node_connect_status
FNDA:5810,dlt_daemon_client_send_message_to_all_client
FNDA:19,dlt_daemon_client_send_control_message
FNDA:10,dlt_daemon_client_process_control
FNDA:3,dlt_daemon_control_get_software_version
FNDA:1,dlt_daemon_control_get_default_log_level
FNDA:3,dlt_daemon_control_get_log_info
FNF:33
FNH:13
DA:81,0
DA:104,214
DA:119,214
DA:121,214
DA:122,0
DA:123,0
DA:126,1286
DA:135,1072
DA:136,1072
DA:138,1072
DA:139,1072
DA:140,856
DA:141,856
DA:144,216
DA:151,216
DA:152,1
DA:153,1
DA:160,1
DA:179,5884
DA:194,5884
DA:195,0
DA:196,0
DA:199,5884
DA:201,14
DA:202,0
DA:203,0
DA:204,0
DA:205,0
DA:206,0
DA:209,14
DA:210,14
DA:211,14
DA:212,0
DA:213,0
DA:217,14
DA:224,5870
DA:225,5866
DA:226,0
DA:227,0
DA:231,0
DA:232,0
DA:233,0
DA:243,5866
DA:244,5840
DA:255,5870
DA:270,5870
DA:272,415
DA:273,214
DA:281,214
DA:289,5870
DA:290,5866
DA:292,5455
DA:294,5455
DA:295,5455
DA:296,0
DA:299,5455
DA:300,0
DA:301,0
DA:302,0
DA:304,0
DA:307,415
DA:308,0
DA:309,0
DA:310,0
DA:311,0
DA:314,0
DA:316,0
DA:320,0
DA:321,0
DA:331,5810
DA:338,5810
DA:340,5810
DA:341,0
DA:342,0
DA:346,5810
DA:347,0
DA:350,0
DA:353,0
DA:354,0
DA:356,0
DA:360,0
DA:361,0
DA:365,5810
DA:366,5810
DA:368,0
DA:371,5810
DA:372,0
DA:374,0
DA:375,0
DA:379,5810
DA:380,0
DA:381,0
DA:383,0
DA:384,5810
DA:385,0
DA:386,0
DA:388,0
DA:389,5810
DA:390,0
DA:391,0
DA:393,0
DA:397,5810
DA:398,5810
DA:400,5810
DA:401,5810
DA:405,19
DA:416,19
DA:418,19
DA:422,19
DA:424,19
DA:428,19
DA:429,19
DA:435,19
DA:438,19
DA:442,19
DA:444,19
DA:447,19
DA:448,19
DA:449,19
DA:450,19
DA:452,19
DA:454,19
DA:455,19
DA:457,0
DA:459,19
DA:460,19
DA:462,0
DA:465,19
DA:466,19
DA:468,19
DA:470,19
DA:471,0
DA:472,0
DA:475,19
DA:477,19
DA:478,19
DA:480,19
DA:481,19
DA:482,0
DA:483,0
DA:489,10
DA:498,10
DA:500,10
DA:503,10
DA:506,10
DA:509,10
DA:510,0
DA:511,0
DA:518,10
DA:519,10
DA:521,10
DA:523,10
DA:524,1
DA:526,1
DA:527,1
DA:529,0
DA:531,0
DA:532,0
DA:534,3
DA:536,3
DA:537,3
DA:539,1
DA:541,1
DA:542,1
DA:544,0
DA:546,0
DA:547,0
DA:548,0
DA:553,0
DA:560,0
DA:569,0
DA:575,0
DA:577,0
DA:578,0
DA:579,0
DA:584,0
DA:585,0
DA:587,0
DA:589,0
DA:595,0
DA:597,0
DA:599,0
DA:605,0
DA:607,0
DA:609,0
DA:615,0
DA:617,0
DA:619,0
DA:625,0
DA:627,0
DA:629,0
DA:630,0
DA:632,0
DA:635,0
DA:636,0
DA:638,0
DA:640,0
DA:646,0
DA:648,0
DA:650,0
DA:656,0
DA:658,0
DA:660,0
DA:666,0
DA:668,0
DA:670,0
DA:676,0
DA:678,0
DA:680,0
DA:681,0
DA:683,0
DA:685,0
DA:686,0
DA:688,3
DA:690,3
DA:691,3
DA:693,0
DA:695,0
DA:697,0
DA:699,2
DA:701,2
DA:702,2
DA:704,0
DA:706,0
DA:711,0
DA:713,0
DA:715,0
DA:719,0
DA:721,0
DA:723,0
DA:724,0
DA:726,0
DA:728,0
DA:729,0
DA:731,0
DA:733,0
DA:739,0
DA:745,0
DA:751,3
DA:757,3
DA:759,3
DA:760,0
DA:763,3
DA:764,0
DA:770,0
DA:774,3
DA:777,3
DA:779,3
DA:780,0
DA:781,0
DA:784,3
DA:785,3
DA:786,3
DA:789,3
DA:790,0
DA:796,0
DA:800,3
DA:801,3
DA:802,3
DA:803,3
DA:806,3
DA:809,3
DA:812,1
DA:817,1
DA:819,1
DA:820,0
DA:823,1
DA:824,0
DA:830,0
DA:833,1
DA:835,1
DA:836,0
DA:837,0
DA:840,1
DA:841,1
DA:842,1
DA:845,1
DA:846,0
DA:852,0
DA:856,1
DA:857,1
DA:858,1
DA:861,1
DA:864,1
DA:867,3
DA:879,3
DA:898,3
DA:900,3
DA:901,0
DA:903,3
DA:906,3
DA:908,3
DA:912,3
DA:915,3
DA:916,0
DA:922,0
DA:926,3
DA:927,0
DA:933,0
DA:936,3
DA:937,0
DA:938,0
DA:942,0
DA:945,0
DA:946,0
DA:948,0
DA:952,0
DA:955,0
DA:965,3
DA:966,3
DA:977,3
DA:981,3
DA:982,3
DA:984,3
DA:985,3
DA:987,3
DA:990,3
DA:991,3
DA:992,0
DA:995,0
DA:996,0
DA:998,0
DA:999,0
DA:1004,0
DA:1008,0
DA:1009,0
DA:1012,0
DA:1014,0
DA:1016,0
DA:1017,0
DA:1019,0
DA:1020,0
DA:1026,0
DA:1027,0
DA:1029,0
DA:1030,0
DA:1035,3
DA:1036,0
DA:1038,0
DA:1039,0
DA:1040,0
DA:1043,3
DA:1044,0
DA:1046,0
DA:1047,0
DA:1052,3
DA:1053,0
DA:1058,3
DA:1059,3
DA:1061,3
DA:1062,0
DA:1068,0
DA:1075,3
DA:1079,3
DA:1081,3
DA:1084,3
DA:1086,3
DA:1087,0
DA:1094,0
DA:1095,0
DA:1096,0
DA:1099,0
DA:1100,0
DA:1106,0
DA:1111,0
DA:1115,0
DA:1116,0
DA:1118,0
DA:1119,0
DA:1126,0
DA:1127,0
DA:1129,0
DA:1131,0
DA:1132,0
DA:1138,0
DA:1143,0
DA:1144,0
DA:1145,0
DA:1150,0
DA:1151,0
DA:1152,0
DA:1154,0
DA:1155,0
DA:1163,0
DA:1164,0
DA:1165,0
DA:1166,0
DA:1170,0
DA:1171,0
DA:1172,0
DA:1173,0
DA:1177,0
DA:1178,0
DA:1179,0
DA:1180,0
DA:1181,0
DA:1182,0
DA:1183,0
DA:1184,0
DA:1187,0
DA:1188,0
DA:1189,0
DA:1205,0
DA:1206,0
DA:1207,0
DA:1208,0
DA:1209,0
DA:1210,0
DA:1211,0
DA:1212,0
DA:1215,0
DA:1216,0
DA:1217,0
DA:1226,3
DA:1229,3
DA:1232,3
DA:1235,0
DA:1246,0
DA:1248,0
DA:1252,0
DA:1253,0
DA:1259,0
DA:1263,0
DA:1265,0
DA:1266,0
DA:1267,0
DA:1270,0
DA:1271,0
DA:1272,0
DA:1275,0
DA:1279,0
DA:1280,0
DA:1281,0
DA:1282,0
DA:1285,0
DA:1286,0
DA:1287,0
DA:1291,0
DA:1293,0
DA:1296,3
DA:1306,3
DA:1308,3
DA:1309,0
DA:1312,3
DA:1316,3
DA:1318,3
DA:1319,0
DA:1320,0
DA:1323,3
DA:1324,3
DA:1325,3
DA:1328,3
DA:1332,3
DA:1333,3
DA:1336,3
DA:1339,3
DA:1342,0
DA:1353,0
DA:1355,0
DA:1359,0
DA:1363,0
DA:1365,0
DA:1366,0
DA:1367,0
DA:1370,0
DA:1371,0
DA:1372,0
DA:1375,0
DA:1379,0
DA:1380,0
DA:1381,0
DA:1382,0
DA:1383,0
DA:1386,0
DA:1387,0
DA:1388,0
DA:1392,0
DA:1394,0
DA:1397,9
DA:1407,9
DA:1409,9
DA:1413,9
DA:1417,9
DA:1419,9
DA:1420,0
DA:1421,0
DA:1424,9
DA:1425,9
DA:1426,9
DA:1429,9
DA:1433,9
DA:1434,9
DA:1435,9
DA:1436,9
DA:1439,9
DA:1440,0
DA:1441,0
DA:1445,9
DA:1447,9
DA:1450,0
DA:1455,0
DA:1457,0
DA:1461,0
DA:1465,0
DA:1467,0
DA:1468,0
DA:1469,0
DA:1472,0
DA:1473,0
DA:1474,0
DA:1477,0
DA:1481,0
DA:1482,0
DA:1484,0
DA:1486,0
DA:1487,0
DA:1489,0
DA:1491,0
DA:1494,0
DA:1495,0
DA:1496,0
DA:1500,0
DA:1502,0
DA:1505,0
DA:1510,0
DA:1512,0
DA:1516,0
DA:1520,0
DA:1522,0
DA:1523,0
DA:1524,0
DA:1527,0
DA:1528,0
DA:1529,0
DA:1532,0
DA:1536,0
DA:1537,0
DA:1540,0
DA:1541,0
DA:1542,0
DA:1546,0
DA:1548,0
DA:1551,0
DA:1570,0
DA:1572,0
DA:1573,0
DA:1575,0
DA:1578,0
DA:1579,0
DA:1582,0
DA:1583,0
DA:1584,0
DA:1588,0
DA:1593,0
DA:1594,0
DA:1598,0
DA:1599,0
DA:1600,0
DA:1604,0
DA:1605,0
DA:1609,0
DA:1612,0
DA:1615,0
DA:1617,0
DA:1618,0
DA:1622,0
DA:1623,0
DA:1624,0
DA:1627,0
DA:1629,0
DA:1630,0
DA:1631,0
DA:1634,0
DA:1636,0
DA:1637,0
DA:1638,0
DA:1641,0
DA:1642,0
DA:1648,0
DA:1652,0
DA:1653,0
DA:1655,0
DA:1656,0
DA:1659,0
DA:1662,0
DA:1665,0
DA:1671,0
DA:1676,0
DA:1683,0
DA:1688,0
DA:1689,0
DA:1691,0
DA:1692,0
DA:1693,0
DA:1696,0
DA:1697,0
DA:1698,0
DA:1700,0
DA:1702,0
DA:1711,0
DA:1715,0
DA:1719,0
DA:1720,0
DA:1721,0
DA:1724,0
DA:1726,0
DA:1729,0
DA:1730,0
DA:1732,0
DA:1733,0
DA:1734,0
DA:1736,0
DA:1738,0
DA:1740,0
DA:1741,0
DA:1742,0
DA:1745,0
DA:1750,1
DA:1756,1
DA:1758,1
DA:1759,1
DA:1765,1
DA:1766,0
DA:1768,1
DA:1771,1
DA:1773,1
DA:1774,0
DA:1776,1
DA:1777,1
DA:1778,1
DA:1779,1
DA:1781,1
DA:1782,0
DA:1787,0
DA:1788,0
DA:1791,1
DA:1793,0
DA:1798,0
DA:1799,0
DA:1802,1
DA:1804,0
DA:1810,0
DA:1813,1
DA:1815,0
DA:1821,0
DA:1825,1
DA:1828,1
DA:1832,1
DA:1833,0
DA:1836,1
DA:1838,1
DA:1849,0
DA:1856,0
DA:1861,0
DA:1862,0
DA:1864,0
DA:1865,0
DA:1866,0
DA:1869,0
DA:1870,0
DA:1871,0
DA:1873,0
DA:1875,0
DA:1884,0
DA:1888,0
DA:1892,0
DA:1893,0
DA:1894,0
DA:1897,0
DA:1899,0
DA:1902,0
DA:1903,0
DA:1905,0
DA:1906,0
DA:1907,0
DA:1909,0
DA:1911,0
DA:1913,0
DA:1914,0
DA:1915,0
DA:1918,0
DA:1923,0
DA:1929,0
DA:1931,0
DA:1932,0
DA:1938,0
DA:1939,0
DA:1941,0
DA:1944,0
DA:1946,0
DA:1947,0
DA:1949,0
DA:1950,0
DA:1951,0
DA:1952,0
DA:1954,0
DA:1955,0
DA:1960,0
DA:1961,0
DA:1964,0
DA:1967,0
DA:1972,0
DA:1973,0
DA:1976,0
DA:1978,0
DA:1984,0
DA:1987,0
DA:1989,0
DA:1995,0
DA:1999,0
DA:2002,0
DA:2003,0
DA:2006,0
DA:2008,0
DA:2011,0
DA:2021,0
DA:2027,0
DA:2032,0
DA:2035,0
DA:2038,0
DA:2041,0
DA:2042,0
DA:2043,0
DA:2044,0
DA:2046,0
DA:2049,0
DA:2051,0
DA:2054,0
DA:2058,0
DA:2064,0
DA:2070,0
DA:2071,0
DA:2072,0
DA:2075,0
DA:2078,0
DA:2081,0
DA:2082,0
DA:2085,0
DA:2088,0
DA:2092,0
DA:2095,0
DA:2099,0
DA:2105,0
DA:2111,0
DA:2114,0
DA:2117,0
DA:2120,0
DA:2122,0
DA:2123,0
DA:2125,0
DA:2128,0
DA:2130,0
DA:2133,0
DA:2137,0
DA:2143,0
DA:2149,0
DA:2150,0
DA:2151,0
DA:2154,0
DA:2157,0
DA:2160,0
DA:2161,0
DA:2162,0
DA:2163,0
DA:2165,0
DA:2168,0
DA:2170,0
DA:2173,0
DA:2177,0
DA:2183,0
DA:2188,0
DA:2191,0
DA:2194,0
DA:2196,0
DA:2197,0
DA:2199,0
DA:2202,0
DA:2206,0
DA:2211,0
DA:2213,0
DA:2214,0
DA:2217,0
DA:2223,0
DA:2224,0
DA:2227,0
DA:2228,0
DA:2234,0
DA:2237,0
DA:2238,0
DA:2240,0
DA:2243,0
DA:2244,0
DA:2245,0
DA:2246,0
DA:2248,0
DA:2249,0
DA:2250,0
DA:2253,0
DA:2254,0
DA:2256,0
DA:2258,0
DA:2259,0
DA:2262,0
DA:2264,0
DA:2267,0
DA:2270,0
DA:2274,0
DA:2277,0
DA:2280,11
DA:2285,11
DA:2288,11
DA:2290,11
DA:2291,0
DA:2292,0
DA:2295,11
DA:2297,11
DA:2298,0
DA:2299,0
DA:2304,11
DA:2306,0
DA:2309,0
DA:2313,11
DA:2314,0
DA:2315,0
DA:2320,11
DA:2322,11
DA:2325,0
DA:2330,0
DA:2333,0
DA:2335,0
DA:2336,0
DA:2337,0
DA:2340,0
DA:2342,0
DA:2343,0
DA:2344,0
DA:2349,0
DA:2350,0
DA:2355,0
DA:2357,0
DA:2362,0
DA:2363,0
DA:2365,0
DA:2371,0
DA:2373,0
DA:2415,0
DA:2425,0
DA:2427,0
DA:2431,2
DA:2446,2
DA:2449,2
DA:2452,2
DA:2454,2
DA:2455,0
DA:2458,0
DA:2461,2
DA:2462,0
DA:2469,0
DA:2471,0
DA:2474,2
DA:2477,2
DA:2479,2
DA:2480,0
DA:2481,0
DA:2482,0
DA:2483,0
DA:2490,0
DA:2493,0
DA:2497,4
DA:2498,2
DA:2501,2
DA:2502,0
DA:2504,0
DA:2506,0
DA:2507,0
DA:2513,0
DA:2515,0
DA:2517,0
DA:2521,0
DA:2522,0
DA:2523,0
DA:2524,0
DA:2529,2
DA:2530,2
DA:2531,0
DA:2535,2
DA:2536,2
DA:2540,0
DA:2541,0
DA:2547,0
DA:2548,0
DA:2552,2
DA:2554,2
DA:2555,0
DA:2557,0
DA:2558,0
DA:2564,0
DA:2566,0
DA:2568,0
DA:2574,0
DA:2577,0
DA:2585,0
DA:2587,0
DA:2591,0
DA:2598,2
DA:2601,0
DA:2608,0
DA:2611,0
DA:2620,2
DA:2624,2
DA:2626,4
DA:2627,2
DA:2629,2
DA:2632,2
DA:2637,0
DA:2639,0
DA:2643,2
DA:2644,2
DA:2651,0
DA:2659,0
DA:2668,0
DA:2674,0
DA:2679,0
DA:2680,0
DA:2684,0
DA:2685,0
DA:2689,0
DA:2697,0
DA:2700,0
DA:2703,0
DA:2705,0
DA:2707,0
DA:2708,0
DA:2710,0
DA:2717,0
DA:2725,0
DA:2735,0
DA:2737,0
DA:2738,0
DA:2740,0
DA:2744,0
DA:2745,0
DA:2749,0
DA:2757,0
DA:2761,0
DA:2763,0
DA:2764,0
DA:2766,0
DA:2767,0
DA:2769,0
DA:2770,0
DA:2771,0
DA:2774,0
DA:2777,0
DA:2779,0
DA:2781,0
DA:2783,0
DA:2784,0
DA:2785,0
DA:2787,0
DA:2790,0
DA:2792,0
DA:2793,0
DA:2796,0
DA:2804,0
LF:965
LH:263
end_of_record
TN:
SF:/home/runner/work/dlt-daemon/dlt-daemon/src/daemon/dlt_daemon_common.c
FN:1000,1047,dlt_daemon_applications_save
FN:1049,1248,dlt_daemon_context_add
FN:107,126,dlt_daemon_cmp_apid_ctid
FN:128,147,dlt_daemon_find_users_list
FN:1287,1338,dlt_daemon_context_del
FN:1340,1375,dlt_daemon_context_find
FN:1377,1401,dlt_daemon_contexts_invalidate_fd
FN:1403,1435,dlt_daemon_contexts_clear
FN:1437,1545,dlt_daemon_contexts_load
FN:1547,1599,dlt_daemon_contexts_save
FN:1601,1620,dlt_daemon_configuration_save
FN:1622,1687,dlt_daemon_configuration_load
FN:1689,1748,dlt_daemon_user_send_log_level
FN:1750,1777,dlt_daemon_user_send_log_state
FN:1779,1833,dlt_daemon_control_reset_to_factory_default
FN:1835,1867,dlt_daemon_user_send_default_update
FN:1869,1923,dlt_daemon_user_send_all_log_level_update
FN:1925,1959,dlt_daemon_user_send_all_trace_status_update
FN:1961,1988,dlt_daemon_user_send_all_log_state
FN:1990,2014,dlt_daemon_change_state
FN:302,357,dlt_daemon_init_runtime_configuration
FN:359,415,dlt_daemon_init
FN:417,453,dlt_daemon_free
FN:455,499,dlt_daemon_init_user_information
FN:501,525,dlt_daemon_applications_invalidate_fd
FN:527,567,dlt_daemon_applications_clear
FN:569,594,dlt_daemon_application_reset_user_handle
FN:596,820,dlt_daemon_application_add
FN:822,872,dlt_daemon_application_del
FN:874,906,dlt_daemon_application_find
FN:908,998,dlt_daemon_applications_load
FN:96,105,dlt_daemon_cmp_apid
FNDA:0,dlt_daemon_applications_save
FNDA:41,dlt_daemon_context_add
FNDA:471,dlt_daemon_cmp_apid_ctid
FNDA:474,dlt_daemon_find_users_list
FNDA:37,dlt_daemon_context_del
FNDA:157,dlt_daemon_context_find
FNDA:15,dlt_daemon_contexts_invalidate_fd
FNDA:10,dlt_daemon_contexts_clear
FNDA:0,dlt_daemon_contexts_load
FNDA:0,dlt_daemon_contexts_save
FNDA:0,dlt_daemon_configuration_save
FNDA:9,dlt_daemon_configuration_load
FNDA:41,dlt_daemon_user_send_log_level
FNDA:9,dlt_daemon_user_send_log_state
FNDA:0,dlt_daemon_control_reset_to_factory_default
FNDA:0,dlt_daemon_user_send_default_update
FNDA:0,dlt_daemon_user_send_all_log_level_update
FNDA:0,dlt_daemon_user_send_all_trace_status_update
FNDA:6,dlt_daemon_user_send_all_log_state
FNDA:18,dlt_daemon_change_state
FNDA:9,dlt_daemon_init_runtime_configuration
FNDA:17,dlt_daemon_init
FNDA:9,dlt_daemon_free
FNDA:18,dlt_daemon_init_user_information
FNDA:15,dlt_daemon_applications_invalidate_fd
FNDA:10,dlt_daemon_applications_clear
FNDA:15,dlt_daemon_application_reset_user_handle
FNDA:10,dlt_daemon_application_add
FNDA:6,dlt_daemon_application_del
FNDA:149,dlt_daemon_application_find
FNDA:9,dlt_daemon_applications_load
FNDA:0,dlt_daemon_cmp_apid
FNF:32
FNH:23
DA:96,0
DA:98,132
DA:104,132
DA:107,471
DA:109,471
DA:116,471
DA:118,471
DA:120,471
DA:121,471
DA:128,474
DA:132,474
DA:136,474
DA:137,0
DA:138,0
DA:141,476
DA:142,444
DA:143,442
DA:145,32
DA:146,32
DA:302,9
DA:304,9
DA:307,9
DA:311,9
DA:313,9
DA:319,9
DA:320,0
DA:321,0
DA:324,9
DA:325,9
DA:328,9
DA:332,9
DA:333,0
DA:334,0
DA:337,9
DA:338,9
DA:341,9
DA:345,9
DA:346,0
DA:347,0
DA:350,9
DA:351,9
DA:354,9
DA:356,9
DA:359,17
DA:369,17
DA:371,17
DA:374,17
DA:375,17
DA:377,17
DA:378,17
DA:379,17
DA:381,17
DA:383,17
DA:385,17
DA:387,17
DA:395,17
DA:396,17
DA:398,17
DA:401,17
DA:404,17
DA:410,17
DA:414,17
DA:417,9
DA:422,9
DA:424,9
DA:428,19
DA:429,10
DA:431,10
DA:433,10
DA:434,10
DA:438,9
DA:446,9
DA:447,9
DA:450,9
DA:452,9
DA:455,18
DA:463,18
DA:465,18
DA:468,18
DA:470,17
DA:472,17
DA:473,0
DA:474,0
DA:477,17
DA:478,17
DA:481,1
DA:484,1
DA:486,1
DA:487,0
DA:488,0
DA:491,1
DA:492,1
DA:494,2
DA:495,1
DA:501,15
DA:509,15
DA:511,15
DA:514,15
DA:516,15
DA:517,26
DA:518,11
DA:519,0
DA:527,10
DA:532,10
DA:534,10
DA:537,10
DA:539,10
DA:542,11
DA:543,1
DA:556,1
DA:557,1
DA:560,10
DA:561,7
DA:563,10
DA:564,10
DA:566,10
DA:569,15
DA:577,15
DA:580,6
DA:581,6
DA:582,6
DA:583,0
DA:584,0
DA:585,0
DA:589,6
DA:590,6
DA:592,6
DA:593,6
DA:596,10
DA:615,10
DA:618,10
DA:620,10
DA:623,10
DA:624,10
DA:625,10
DA:627,10
DA:634,10
DA:636,10
DA:637,10
DA:639,10
DA:640,10
DA:642,0
DA:643,0
DA:644,0
DA:645,0
DA:648,0
DA:649,0
DA:650,0
DA:651,0
DA:654,0
DA:656,0
DA:657,0
DA:661,10
DA:663,10
DA:664,10
DA:665,10
DA:666,10
DA:667,10
DA:668,10
DA:677,0
DA:680,0
DA:688,10
DA:689,0
DA:690,0
DA:693,10
DA:694,10
DA:696,10
DA:697,10
DA:699,0
DA:700,0
DA:701,0
DA:705,10
DA:706,9
DA:707,9
DA:711,10
DA:731,9
DA:732,0
DA:733,0
DA:741,9
DA:742,9
DA:744,9
DA:745,9
DA:746,9
DA:750,10
DA:751,10
DA:752,10
DA:757,10
DA:822,6
DA:830,6
DA:832,6
DA:835,6
DA:837,6
DA:840,6
DA:841,6
DA:844,6
DA:845,6
DA:846,6
DA:856,6
DA:859,6
DA:860,6
DA:861,6
DA:864,6
DA:868,6
DA:874,149
DA:882,149
DA:884,149
DA:885,149
DA:888,149
DA:890,149
DA:894,132
DA:895,132
DA:896,132
DA:900,132
DA:901,132
DA:902,132
DA:903,132
DA:908,9
DA:916,9
DA:918,9
DA:921,9
DA:923,9
DA:924,9
DA:928,9
DA:930,9
DA:933,0
DA:940,0
DA:943,0
DA:944,0
DA:947,0
DA:948,0
DA:949,0
DA:951,0
DA:953,0
DA:954,0
DA:957,0
DA:960,0
DA:961,0
DA:965,0
DA:967,0
DA:969,0
DA:970,0
DA:971,0
DA:973,0
DA:976,0
DA:981,0
DA:983,0
DA:987,0
DA:988,0
DA:995,0
DA:997,0
DA:1000,0
DA:1008,0
DA:1010,0
DA:1015,0
DA:1017,0
DA:1020,0
DA:1021,0
DA:1023,0
DA:1024,0
DA:1025,0
DA:1027,0
DA:1028,0
DA:1037,0
DA:1040,0
DA:1049,41
DA:1066,41
DA:1068,41
DA:1069,41
DA:1072,41
DA:1075,41
DA:1078,41
DA:1080,41
DA:1083,41
DA:1084,10
DA:1086,10
DA:1091,41
DA:1093,41
DA:1097,41
DA:1099,41
DA:1100,41
DA:1102,41
DA:1103,41
DA:1105,0
DA:1106,0
DA:1107,0
DA:1108,0
DA:1111,0
DA:1112,0
DA:1113,0
DA:1114,0
DA:1117,0
DA:1119,0
DA:1120,0
DA:1124,41
DA:1127,41
DA:1128,41
DA:1134,41
DA:1139,41
DA:1140,0
DA:1141,0
DA:1144,41
DA:1145,41
DA:1147,41
DA:1148,41
DA:1182,41
DA:1186,0
DA:1190,0
DA:1193,0
DA:1204,41
DA:1205,0
DA:1206,41
DA:1207,41
DA:1210,41
DA:1211,41
DA:1231,41
DA:1232,0
DA:1234,41
DA:1237,41
DA:1238,41
DA:1239,41
DA:1244,41
DA:1287,37
DA:1296,37
DA:1298,37
DA:1301,37
DA:1303,37
DA:1306,37
DA:1307,37
DA:1313,37
DA:1314,37
DA:1315,37
DA:1318,37
DA:1321,37
DA:1322,37
DA:1323,37
DA:1326,37
DA:1330,37
DA:1333,37
DA:1334,37
DA:1340,157
DA:1349,157
DA:1351,157
DA:1352,157
DA:1355,157
DA:1357,157
DA:1361,112
DA:1362,112
DA:1363,112
DA:1367,112
DA:1368,112
DA:1370,112
DA:1371,112
DA:1372,112
DA:1377,15
DA:1385,15
DA:1387,15
DA:1390,15
DA:1392,15
DA:1393,39
DA:1394,24
DA:1395,0
DA:1403,10
DA:1408,10
DA:1410,10
DA:1413,10
DA:1415,10
DA:1418,11
DA:1419,1
DA:1420,1
DA:1421,1
DA:1424,10
DA:1425,7
DA:1426,7
DA:1429,11
DA:1430,1
DA:1432,10
DA:1434,10
DA:1437,0
DA:1446,0
DA:1448,0
DA:1451,0
DA:1453,0
DA:1454,0
DA:1457,0
DA:1459,0
DA:1462,0
DA:1469,0
DA:1472,0
DA:1473,0
DA:1476,0
DA:1477,0
DA:1478,0
DA:1480,0
DA:1482,0
DA:1483,0
DA:1486,0
DA:1489,0
DA:1490,0
DA:1494,0
DA:1496,0
DA:1498,0
DA:1499,0
DA:1500,0
DA:1502,0
DA:1503,0
DA:1504,0
DA:1506,0
DA:1507,0
DA:1508,0
DA:1510,0
DA:1511,0
DA:1512,0
DA:1514,0
DA:1518,0
DA:1521,0
DA:1522,0
DA:1526,0
DA:1528,0
DA:1531,0
DA:1532,0
DA:1542,0
DA:1544,0
DA:1547,0
DA:1555,0
DA:1557,0
DA:1560,0
DA:1562,0
DA:1568,0
DA:1569,0
DA:1571,0
DA:1572,0
DA:1573,0
DA:1574,0
DA:1576,0
DA:1577,0
DA:1578,0
DA:1579,0
DA:1580,0
DA:1583,0
DA:1584,0
DA:1585,0
DA:1588,0
DA:1591,0
DA:1601,0
DA:1605,0
DA:1607,0
DA:1610,0
DA:1612,0
DA:1614,0
DA:1616,0
DA:1622,9
DA:1624,9
DA:1633,9
DA:1635,9
DA:1637,9
DA:1640,18
DA:1641,9
DA:1642,9
DA:1643,9
DA:1645,18
DA:1646,9
DA:1649,9
DA:1651,9
DA:1655,0
DA:1656,0
DA:1659,9
DA:1662,9
DA:1664,0
DA:1665,0
DA:1666,0
DA:1670,0
DA:1680,9
DA:1683,0
DA:1689,41
DA:1696,41
DA:1698,41
DA:1699,0
DA:1700,0
DA:1703,41
DA:1704,0
DA:1705,0
DA:1708,41
DA:1709,34
DA:1710,32
DA:1713,9
DA:1714,9
DA:1716,41
DA:1717,41
DA:1719,41
DA:1721,41
DA:1722,41
DA:1723,41
DA:1724,41
DA:1725,41
DA:1730,41
DA:1731,41
DA:1735,41
DA:1736,0
DA:1738,0
DA:1740,0
DA:1741,0
DA:1742,0
DA:1743,0
DA:1747,41
DA:1750,9
DA:1756,9
DA:1758,9
DA:1761,9
DA:1764,9
DA:1767,9
DA:1771,9
DA:1772,0
DA:1773,0
DA:1776,9
DA:1779,0
DA:1789,0
DA:1791,0
DA:1792,0
DA:1793,0
DA:1796,0
DA:1797,0
DA:1798,0
DA:1802,0
DA:1804,0
DA:1806,0
DA:1807,0
DA:1808,0
DA:1809,0
DA:1813,0
DA:1815,0
DA:1817,0
DA:1818,0
DA:1819,0
DA:1820,0
DA:1824,0
DA:1825,0
DA:1826,0
DA:1832,0
DA:1835,0
DA:1841,0
DA:1843,0
DA:1844,0
DA:1845,0
DA:1848,0
DA:1850,0
DA:1853,0
DA:1854,0
DA:1856,0
DA:1857,0
DA:1858,0
DA:1859,0
DA:1860,0
DA:1863,0
DA:1869,0
DA:1879,0
DA:1881,0
DA:1884,0
DA:1886,0
DA:1889,0
DA:1890,0
DA:1892,0
DA:1893,0
DA:1894,0
DA:1896,0
DA:1907,0
DA:1908,0
DA:1912,0
DA:1915,0
DA:1917,0
DA:1918,0
DA:1919,0
DA:1925,0
DA:1931,0
DA:1933,0
DA:1936,0
DA:1938,0
DA:1941,0
DA:1943,0
DA:1944,0
DA:1946,0
DA:1947,0
DA:1948,0
DA:1950,0
DA:1951,0
DA:1953,0
DA:1954,0
DA:1955,0
DA:1961,6
DA:1967,6
DA:1969,6
DA:1970,0
DA:1971,0
DA:1974,6
DA:1976,6
DA:1979,8
DA:1980,2
DA:1982,2
DA:1983,2
DA:1984,2
DA:1985,0
DA:1990,18
DA:1992,18
DA:1993,0
DA:1994,0
DA:1995,0
DA:1996,0
DA:1997,12
DA:1998,12
DA:1999,12
DA:2000,12
DA:2001,0
DA:2002,0
DA:2003,0
DA:2004,0
DA:2005,3
DA:2006,3
DA:2007,3
DA:2008,3
DA:2009,3
DA:2010,3
DA:2011,3
DA:2012,3
DA:2014,18
LF:623
LH:351
end_of_record
TN:
SF:/home/runner/work/dlt-daemon/dlt-daemon/src/daemon/dlt_daemon_connection.c
FN:111,135,dlt_connection_send_multiple
FN:149,155,dlt_connection_get_next
FN:157,177,dlt_connection_destroy_receiver
FN:193,267,dlt_connection_get_receiver
FN:280,334,dlt_connection_get_callback
FN:345,351,dlt_connection_destroy
FN:368,441,dlt_connection_create
FN:69,95,dlt_connection_send
FNDA:219,dlt_connection_send_multiple
FNDA:2,dlt_connection_get_next
FNDA:49,dlt_connection_destroy_receiver
FNDA:48,dlt_connection_get_receiver
FNDA:1225,dlt_connection_get_callback
FNDA:48,dlt_connection_destroy
FNDA:47,dlt_connection_create
FNDA:435,dlt_connection_send
FNF:8
FNH:8
DA:69,435
DA:76,435
DA:77,435
DA:79,435
DA:80,1
DA:82,1
DA:87,433
DA:88,433
DA:91,433
DA:111,219
DA:120,219
DA:123,218
DA:124,1
DA:128,218
DA:129,218
DA:131,218
DA:132,213
DA:149,2
DA:151,3
DA:152,1
DA:154,2
DA:157,49
DA:159,49
DA:162,49
DA:166,9
DA:167,9
DA:168,9
DA:169,9
DA:170,9
DA:171,36
DA:172,36
DA:173,36
DA:174,36
DA:175,36
DA:193,48
DA:201,48
DA:202,25
DA:209,25
DA:211,25
DA:212,25
DA:215,1
DA:216,1
DA:218,1
DA:219,1
DA:222,9
DA:223,9
DA:227,9
DA:228,9
DA:231,0
DA:235,9
DA:236,9
DA:243,10
DA:252,10
DA:254,10
DA:255,10
DA:258,3
DA:260,3
DA:261,3
DA:266,48
DA:280,1225
DA:285,1225
DA:286,1225
DA:288,1225
DA:292,4
DA:294,4
DA:295,0
DA:297,0
DA:303,1191
DA:305,1191
DA:306,11
DA:308,11
DA:309,0
DA:311,0
DA:317,2
DA:319,2
DA:320,4
DA:322,4
DA:323,9
DA:325,9
DA:326,0
DA:328,0
DA:329,0
DA:333,1225
DA:345,48
DA:347,48
DA:348,48
DA:349,48
DA:350,48
DA:351,48
DA:368,47
DA:376,47
DA:380,47
DA:388,47
DA:390,47
DA:391,0
DA:392,0
DA:397,47
DA:399,47
DA:400,0
DA:402,0
DA:403,0
DA:407,47
DA:408,47
DA:417,47
DA:418,20
DA:421,20
DA:422,1
DA:423,1
DA:428,46
DA:430,46
DA:432,10
DA:434,46
DA:435,46
DA:440,46
LF:114
LH:101
end_of_record
TN:
SF:/home/runner/work/dlt-daemon/dlt-daemon/src/daemon/dlt_daemon_event_handler.c
FN:111,134,dlt_event_handler_enable_fd
FN:144,170,dlt_event_handler_disable_fd
FN:184,274,dlt_daemon_handle_event
FN:287,298,dlt_event_handler_find_connection
FN:310,342,dlt_daemon_remove_connection
FN:350,366,dlt_event_handler_cleanup_connections
FN:375,385,dlt_daemon_add_connection
FN:400,443,dlt_connection_check_activate
FN:461,486,dlt_event_handler_register_connection
FN:502,536,dlt_event_handler_unregister_connection
FN:79,100,dlt_daemon_prepare_event_handling
FNDA:49,dlt_event_handler_enable_fd
FNDA:7,dlt_event_handler_disable_fd
FNDA:1235,dlt_daemon_handle_event
FNDA:1122,dlt_event_handler_find_connection
FNDA:47,dlt_daemon_remove_connection
FNDA:10,dlt_event_handler_cleanup_connections
FNDA:6,dlt_daemon_add_connection
FNDA:57,dlt_connection_check_activate
FNDA:49,dlt_event_handler_register_connection
FNDA:7,dlt_event_handler_unregister_connection
FNDA:16,dlt_daemon_prepare_event_handling
FNF:11
FNH:11
DA:66,293
DA:67,293
DA:68,293
DA:69,7
DA:79,16
DA:83,16
DA:86,15
DA:88,15
DA:89,0
DA:90,0
DA:93,255
DA:94,240
DA:96,15
DA:97,15
DA:99,15
DA:111,49
DA:113,49
DA:114,2
DA:115,2
DA:116,2
DA:118,2
DA:119,0
DA:121,0
DA:124,2
DA:125,2
DA:127,2
DA:128,0
DA:131,49
DA:132,49
DA:133,49
DA:144,7
DA:148,7
DA:150,36
DA:151,29
DA:153,7
DA:154,7
DA:157,29
DA:158,22
DA:161,7
DA:162,0
DA:163,0
DA:164,0
DA:170,7
DA:184,1235
DA:192,1235
DA:195,1234
DA:197,1234
DA:201,10
DA:204,1
DA:205,0
DA:207,10
DA:210,6363
DA:215,5139
DA:216,3913
DA:218,1226
DA:220,1226
DA:221,1226
DA:222,1226
DA:225,0
DA:226,0
DA:230,1226
DA:233,1
DA:238,1
DA:240,0
DA:244,1
DA:248,1225
DA:250,1225
DA:251,0
DA:254,0
DA:258,1225
DA:262,0
DA:264,0
DA:287,1122
DA:289,2353
DA:291,4731
DA:292,4683
DA:293,1074
DA:294,2378
DA:310,47
DA:313,47
DA:316,47
DA:320,70
DA:322,23
DA:325,47
DA:327,0
DA:328,0
DA:330,47
DA:332,41
DA:335,6
DA:339,47
DA:341,47
DA:350,10
DA:354,10
DA:358,50
DA:360,40
DA:362,49
DA:363,39
DA:365,10
DA:375,6
DA:379,50
DA:381,143
DA:382,93
DA:384,50
DA:385,6
DA:400,57
DA:404,57
DA:405,1
DA:406,1
DA:409,56
DA:410,7
DA:412,7
DA:413,7
DA:415,7
DA:417,7
DA:418,0
DA:420,7
DA:424,49
DA:426,49
DA:427,49
DA:429,49
DA:430,49
DA:433,49
DA:437,0
DA:438,0
DA:439,0
DA:461,49
DA:466,49
DA:467,1
DA:468,1
DA:471,4
DA:473,48
DA:475,4
DA:478,48
DA:480,48
DA:481,48
DA:483,48
DA:502,7
DA:506,7
DA:512,2
DA:514,7
DA:515,1
DA:516,1
DA:519,6
DA:521,3
DA:523,3
DA:524,0
DA:525,0
DA:529,6
DA:532,0
DA:535,6
LF:150
LH:125
end_of_record
TN:
SF:/home/runner/work/dlt-daemon/dlt-daemon/src/daemon/dlt_daemon_offline_logstorage.c
FN:1014,1084,dlt_daemon_logstorage_write
FN:1097,1135,dlt_daemon_logstorage_setup_internal_storage
FN:1137,1141,dlt_daemon_logstorage_set_logstorage_cache_size
FN:1143,1176,dlt_daemon_logstorage_cleanup
FN:1178,1238,dlt_daemon_logstorage_sync_cache
FN:121,147,dlt_logstorage_split_apid_ctid
FN:1240,1270,dlt_daemon_logstorage_get_device
FN:161,190,dlt_logstorage_split_ecuid_apid
FN:205,247,dlt_logstorage_split_multi
FN:263,297,dlt_logstorage_split_key
FN:309,355,dlt_daemon_logstorage_update_passive_node_context
FN:371,416,dlt_daemon_logstorage_send_log_level
FN:43,57,dlt_logstorage_split_ecuid
FN:433,469,dlt_daemon_logstorage_reset_log_level
FN:485,526,dlt_daemon_logstorage_force_reset_level
FN:547,599,dlt_logstorage_update_all_contexts
FN:618,677,dlt_logstorage_update_context
FN:691,769,dlt_logstorage_update_context_loglevel
FN:71,83,dlt_logstorage_split_ctid
FN:786,858,dlt_daemon_logstorage_reset_application_loglevel
FN:873,932,dlt_daemon_logstorage_update_application_loglevel
FN:946,995,dlt_daemon_logstorage_get_loglevel
FN:96,108,dlt_logstorage_split_apid
FNDA:5842,dlt_daemon_logstorage_write
FNDA:8,dlt_daemon_logstorage_setup_internal_storage
FNDA:10,dlt_daemon_logstorage_set_logstorage_cache_size
FNDA:8,dlt_daemon_logstorage_cleanup
FNDA:4,dlt_daemon_logstorage_sync_cache
FNDA:1,dlt_logstorage_split_apid_ctid
FNDA:5,dlt_daemon_logstorage_get_device
FNDA:1,dlt_logstorage_split_ecuid_apid
FNDA:34,dlt_logstorage_split_multi
FNDA:42,dlt_logstorage_split_key
FNDA:0,dlt_daemon_logstorage_update_passive_node_context
FNDA:2,dlt_daemon_logstorage_send_log_level
FNDA:0,dlt_logstorage_split_ecuid
FNDA:1,dlt_daemon_logstorage_reset_log_level
FNDA:0,dlt_daemon_logstorage_force_reset_level
FNDA:4,dlt_logstorage_update_all_contexts
FNDA:38,dlt_logstorage_update_context
FNDA:37,dlt_logstorage_update_context_loglevel
FNDA:0,dlt_logstorage_split_ctid
FNDA:2,dlt_daemon_logstorage_reset_application_loglevel
FNDA:10,dlt_daemon_logstorage_update_application_loglevel
FNDA:35,dlt_daemon_logstorage_get_loglevel
FNDA:1,dlt_logstorage_split_apid
FNF:23
FNH:19
DA:43,0
DA:49,0
DA:52,0
DA:56,0
DA:71,0
DA:76,0
DA:79,0
DA:82,0
DA:96,1
DA:101,1
DA:104,1
DA:107,1
DA:121,1
DA:128,1
DA:132,1
DA:134,1
DA:139,1
DA:141,1
DA:146,1
DA:161,1
DA:169,1
DA:173,1
DA:175,1
DA:180,1
DA:182,1
DA:189,1
DA:205,34
DA:213,34
DA:216,34
DA:218,34
DA:221,34
DA:223,34
DA:226,0
DA:228,0
DA:235,34
DA:237,34
DA:240,34
DA:242,34
DA:263,42
DA:269,42
DA:272,37
DA:274,37
DA:276,37
DA:280,37
DA:281,0
DA:283,37
DA:284,0
DA:286,37
DA:287,1
DA:289,36
DA:290,1
DA:292,35
DA:293,1
DA:296,34
DA:309,0
DA:317,0
DA:318,0
DA:321,0
DA:323,0
DA:324,0
DA:325,0
DA:326,0
DA:329,0
DA:331,0
DA:332,0
DA:335,0
DA:338,0
DA:339,0
DA:341,0
DA:342,0
DA:344,0
DA:346,0
DA:347,0
DA:351,0
DA:371,2
DA:381,2
DA:382,2
DA:383,0
DA:384,0
DA:387,2
DA:388,2
DA:390,2
DA:393,2
DA:394,2
DA:395,0
DA:396,0
DA:402,0
DA:404,0
DA:406,0
DA:407,0
DA:408,0
DA:409,0
DA:433,1
DA:440,1
DA:441,1
DA:442,0
DA:443,0
DA:447,1
DA:449,1
DA:450,1
DA:451,1
DA:454,0
DA:455,0
DA:459,0
DA:460,0
DA:461,0
DA:485,0
DA:496,0
DA:498,0
DA:499,0
DA:500,0
DA:501,0
DA:504,0
DA:505,0
DA:507,0
DA:511,0
DA:512,0
DA:515,0
DA:518,0
DA:519,0
DA:521,0
DA:523,0
DA:547,4
DA:557,4
DA:559,4
DA:560,3
DA:562,1
DA:563,1
DA:566,3
DA:568,3
DA:571,3
DA:572,0
DA:573,0
DA:574,0
DA:575,0
DA:578,0
DA:580,0
DA:581,0
DA:582,0
DA:584,0
DA:589,0
DA:591,0
DA:618,38
DA:628,38
DA:629,37
DA:630,1
DA:631,1
DA:634,37
DA:636,37
DA:637,3
DA:638,2
DA:645,1
DA:653,34
DA:656,0
DA:665,34
DA:671,34
DA:691,37
DA:698,37
DA:699,37
DA:700,37
DA:702,37
DA:704,37
DA:707,36
DA:708,0
DA:710,0
DA:713,36
DA:714,2
DA:717,36
DA:720,0
DA:729,36
DA:732,1
DA:742,35
DA:746,0
DA:757,35
DA:786,2
DA:795,2
DA:799,2
DA:801,2
DA:802,1
DA:803,2
DA:806,2
DA:809,0
DA:811,0
DA:812,0
DA:817,0
DA:818,0
DA:820,0
DA:824,0
DA:825,0
DA:833,0
DA:840,0
DA:844,0
DA:845,0
DA:847,0
DA:848,0
DA:850,0
DA:851,0
DA:873,10
DA:880,10
DA:884,10
DA:886,10
DA:888,1
DA:891,1
DA:894,9
DA:896,9
DA:897,9
DA:902,9
DA:903,44
DA:905,70
DA:909,35
DA:910,35
DA:914,35
DA:915,35
DA:917,0
DA:918,0
DA:922,35
DA:928,35
DA:946,35
DA:951,35
DA:958,35
DA:961,68
DA:962,34
DA:964,34
DA:968,34
DA:970,34
DA:971,1
DA:972,1
DA:975,66
DA:977,33
DA:978,0
DA:982,33
DA:983,0
DA:984,0
DA:987,33
DA:988,33
DA:994,34
DA:1014,5842
DA:1028,5842
DA:1029,5841
DA:1030,5841
DA:1031,1
DA:1034,1
DA:1039,5841
DA:1040,5841
DA:1041,5841
DA:1042,5841
DA:1043,5841
DA:1044,5841
DA:1046,11682
DA:1047,5841
DA:1049,5841
DA:1050,5841
DA:1059,0
DA:1064,0
DA:1065,0
DA:1068,5841
DA:1069,201
DA:1072,0
DA:1073,0
DA:1074,0
DA:1097,8
DA:1104,8
DA:1106,8
DA:1111,7
DA:1113,7
DA:1114,0
DA:1115,0
DA:1119,7
DA:1124,7
DA:1126,0
DA:1129,0
DA:1137,10
DA:1140,10
DA:1141,10
DA:1143,8
DA:1149,8
DA:1151,8
DA:1154,14
DA:1156,7
DA:1159,6
DA:1160,6
DA:1161,6
DA:1162,6
DA:1163,6
DA:1164,6
DA:1165,6
DA:1166,6
DA:1167,6
DA:1168,6
DA:1170,6
DA:1178,4
DA:1186,4
DA:1188,4
DA:1191,3
DA:1192,3
DA:1197,3
DA:1201,3
DA:1202,3
DA:1203,3
DA:1204,3
DA:1205,3
DA:1206,3
DA:1207,3
DA:1208,3
DA:1209,3
DA:1210,3
DA:1212,3
DA:1218,0
DA:1219,0
DA:1221,0
DA:1222,0
DA:1223,0
DA:1224,0
DA:1225,0
DA:1226,0
DA:1227,0
DA:1228,0
DA:1229,0
DA:1230,0
DA:1232,0
DA:1240,5
DA:1250,5
DA:1252,5
DA:1255,4
DA:1257,4
DA:1258,4
DA:1263,4
DA:1265,4
DA:1266,4
LF:329
LH:204
end_of_record
TN:
SF:/home/runner/work/dlt-daemon/dlt-daemon/src/daemon/dlt_daemon_serial.c
FN:69,98,dlt_daemon_serial_send
FNDA:0,dlt_daemon_serial_send
FNF:1
FNH:0
DA:69,0
DA:77,0
DA:78,0
DA:85,0
DA:86,0
DA:91,0
DA:92,0
LF:7
LH:0
end_of_record
TN:
SF:/home/runner/work/dlt-daemon/dlt-daemon/src/daemon/dlt_daemon_socket.c
FN:163,168,dlt_daemon_socket_close
FN:170,204,dlt_daemon_socket_send
FN:206,217,dlt_daemon_socket_get_send_qeue_max_size
FN:219,247,dlt_daemon_socket_sendreliable
FN:63,161,dlt_daemon_socket_open
FNDA:0,dlt_daemon_socket_close
FNDA:14,dlt_daemon_socket_send
FNDA:9,dlt_daemon_socket_get_send_qeue_max_size
FNDA:461,dlt_daemon_socket_sendreliable
FNDA:9,dlt_daemon_socket_open
FNF:5
FNH:4
DA:63,9
DA:65,9
DA:72,9
DA:73,0
DA:74,0
DA:76,0
DA:90,9
DA:93,9
DA:94,0
DA:95,0
DA:100,0
DA:107,9
DA:108,9
DA:110,9
DA:111,9
DA:113,0
DA:125,0
DA:126,0
DA:127,0
DA:133,0
DA:136,9
DA:137,0
DA:138,0
DA:139,0
DA:141,0
DA:145,9
DA:148,9
DA:151,9
DA:152,0
DA:153,0
DA:157,0
DA:163,0
DA:165,0
DA:167,0
DA:170,14
DA:180,14
DA:181,0
DA:185,0
DA:191,14
DA:192,14
DA:194,14
DA:199,14
DA:200,14
DA:206,9
DA:208,9
DA:209,9
DA:210,9
DA:211,0
DA:213,0
DA:216,9
DA:219,461
DA:223,921
DA:224,461
DA:226,461
DA:229,461
DA:230,1
DA:231,1
DA:240,1
DA:242,460
LF:59
LH:34
end_of_record
TN:
SF:/home/runner/work/dlt-daemon/dlt-daemon/src/daemon/dlt_daemon_unix_socket.c
FN:179,188,dlt_daemon_unix_socket_close
FN:87,177,dlt_daemon_unix_socket_open
FNDA:0,dlt_daemon_unix_socket_close
FNDA:9,dlt_daemon_unix_socket_open
FNF:2
FNH:1
DA:87,9
DA:92,9
DA:93,0
DA:94,0
DA:139,9
DA:140,0
DA:141,0
DA:145,9
DA:148,9
DA:149,8
DA:150,8
DA:154,9
DA:156,9
DA:157,0
DA:158,0
DA:159,0
DA:162,9
DA:163,0
DA:164,0
DA:165,0
DA:169,9
DA:176,9
DA:179,0
DA:181,0
DA:183,0
DA:184,0
DA:187,0
LF:27
LH:12
end_of_record
TN:
SF:/home/runner/work/dlt-daemon/dlt-daemon/src/gateway/dlt_gateway.c
FN:1052,1069,dlt_gateway_get_connection_receiver
FN:1081,1195,dlt_gateway_parse_get_log_info
FN:1207,1246,dlt_gateway_parse_get_default_log_level
FN:1256,1281,dlt_gateway_control_service_logstorage
FN:1283,1494,dlt_gateway_process_passive_node_messages
FN:137,151,dlt_gateway_check_ecu
FN:1496,1531,dlt_gateway_process_gateway_timer
FN:1533,1609,dlt_gateway_forward_control_message
FN:160,182,dlt_gateway_check_connect_trigger
FN:1611,1677,dlt_gateway_process_on_demand_request
FN:1679,1756,dlt_gateway_send_control_message
FN:1758,1782,dlt_gateway_get_connection
FN:191,206,dlt_gateway_check_timeout
FN:215,229,dlt_gateway_check_interval
FN:238,249,dlt_gateway_check_send_serial
FN:257,286,dlt_gateway_allocate_control_messages
FN:295,353,dlt_gateway_check_control_messages
FN:362,474,dlt_gateway_check_periodic_control_messages
FN:542,555,dlt_gateway_check_general_param
FN:566,580,dlt_gateway_check_param
FN:58,90,dlt_gateway_check_ip
FN:590,648,dlt_gateway_store_connection
FN:658,830,dlt_gateway_configure
FN:832,864,dlt_gateway_init
FN:866,895,dlt_gateway_deinit
FN:905,960,dlt_gateway_add_to_event_loop
FN:962,1050,dlt_gateway_establish_connections
FN:99,128,dlt_gateway_check_port
FNDA:6,dlt_gateway_get_connection_receiver
FNDA:3,dlt_gateway_parse_get_log_info
FNDA:0,dlt_gateway_parse_get_default_log_level
FNDA:1,dlt_gateway_control_service_logstorage
FNDA:11,dlt_gateway_process_passive_node_messages
FNDA:6,dlt_gateway_check_ecu
FNDA:2,dlt_gateway_process_gateway_timer
FNDA:0,dlt_gateway_forward_control_message
FNDA:7,dlt_gateway_check_connect_trigger
FNDA:3,dlt_gateway_process_on_demand_request
FNDA:12,dlt_gateway_send_control_message
FNDA:0,dlt_gateway_get_connection
FNDA:7,dlt_gateway_check_timeout
FNDA:0,dlt_gateway_check_interval
FNDA:6,dlt_gateway_check_send_serial
FNDA:17,dlt_gateway_allocate_control_messages
FNDA:6,dlt_gateway_check_control_messages
FNDA:2,dlt_gateway_check_periodic_control_messages
FNDA:0,dlt_gateway_check_general_param
FNDA:32,dlt_gateway_check_param
FNDA:7,dlt_gateway_check_ip
FNDA:7,dlt_gateway_store_connection
FNDA:5,dlt_gateway_configure
FNDA:4,dlt_gateway_init
FNDA:10,dlt_gateway_deinit
FNDA:3,dlt_gateway_add_to_event_loop
FNDA:6,dlt_gateway_establish_connections
FNDA:9,dlt_gateway_check_port
FNF:28
FNH:23
DA:58,7
DA:60,7
DA:61,1
DA:62,1
DA:68,6
DA:75,6
DA:76,6
DA:78,6
DA:79,0
DA:80,0
DA:86,0
DA:89,0
DA:99,9
DA:104,9
DA:105,1
DA:106,1
DA:109,8
DA:110,8
DA:111,8
DA:112,8
DA:113,0
DA:114,0
DA:118,8
DA:120,6
DA:121,6
DA:124,2
DA:127,2
DA:137,6
DA:140,6
DA:141,1
DA:142,1
DA:145,5
DA:147,5
DA:148,0
DA:160,7
DA:163,7
DA:164,1
DA:165,1
DA:168,6
DA:169,5
DA:171,1
DA:173,0
DA:176,1
DA:177,1
DA:178,1
DA:191,7
DA:194,7
DA:195,1
DA:196,1
DA:199,6
DA:202,6
DA:203,5
DA:215,0
DA:218,0
DA:219,0
DA:220,0
DA:223,0
DA:225,0
DA:226,0
DA:238,6
DA:241,6
DA:242,1
DA:243,1
DA:246,5
DA:248,5
DA:257,17
DA:259,17
DA:260,1
DA:261,1
DA:264,16
DA:265,7
DA:267,7
DA:268,0
DA:270,0
DA:274,9
DA:276,9
DA:277,0
DA:279,0
DA:282,9
DA:295,6
DA:300,6
DA:303,6
DA:304,1
DA:305,1
DA:308,5
DA:312,5
DA:314,18
DA:315,13
DA:316,0
DA:318,0
DA:321,13
DA:322,13
DA:323,13
DA:324,13
DA:325,13
DA:327,13
DA:330,13
DA:331,0
DA:334,0
DA:336,13
DA:339,0
DA:342,0
DA:345,13
DA:349,5
DA:350,5
DA:352,5
DA:362,2
DA:367,2
DA:370,2
DA:371,1
DA:372,1
DA:375,1
DA:379,1
DA:382,1
DA:384,3
DA:386,2
DA:389,2
DA:391,2
DA:392,2
DA:395,2
DA:398,3
DA:399,1
DA:400,0
DA:401,0
DA:403,0
DA:404,0
DA:412,1
DA:416,2
DA:418,2
DA:421,2
DA:422,1
DA:425,0
DA:428,2
DA:429,0
DA:431,0
DA:434,2
DA:435,2
DA:436,2
DA:437,2
DA:438,2
DA:440,2
DA:441,0
DA:446,2
DA:447,1
DA:451,2
DA:452,0
DA:455,0
DA:457,2
DA:460,0
DA:463,0
DA:466,2
DA:470,1
DA:471,1
DA:473,1
DA:542,0
DA:546,0
DA:547,0
DA:548,0
DA:551,0
DA:552,0
DA:566,32
DA:571,32
DA:572,1
DA:573,1
DA:576,31
DA:577,31
DA:590,7
DA:596,7
DA:598,7
DA:599,2
DA:600,2
DA:604,5
DA:605,5
DA:608,0
DA:612,5
DA:613,5
DA:614,5
DA:615,5
DA:616,5
DA:617,5
DA:618,5
DA:619,5
DA:620,5
DA:621,5
DA:622,5
DA:623,5
DA:624,5
DA:626,5
DA:629,0
DA:630,0
DA:631,0
DA:632,0
DA:633,0
DA:634,0
DA:635,0
DA:636,0
DA:640,5
DA:641,5
DA:642,0
DA:644,0
DA:658,5
DA:663,5
DA:665,5
DA:667,5
DA:668,1
DA:669,1
DA:673,4
DA:674,4
DA:679,4
DA:680,4
DA:681,0
DA:682,0
DA:683,0
DA:686,4
DA:687,4
DA:692,4
DA:693,4
DA:702,0
DA:705,4
DA:708,4
DA:709,0
DA:710,0
DA:711,0
DA:714,8
DA:719,4
DA:720,4
DA:725,4
DA:726,4
DA:728,4
DA:729,4
DA:730,0
DA:731,0
DA:734,4
DA:736,0
DA:737,0
DA:739,0
DA:742,0
DA:744,0
DA:747,0
DA:751,0
DA:754,0
DA:758,0
DA:760,0
DA:761,0
DA:767,36
DA:768,32
DA:770,32
DA:773,32
DA:775,4
DA:778,4
DA:782,0
DA:786,0
DA:790,28
DA:792,28
DA:793,0
DA:799,4
DA:803,4
DA:804,0
DA:810,4
DA:812,4
DA:813,0
DA:818,4
DA:819,4
DA:822,4
DA:823,4
DA:828,4
DA:829,4
DA:832,4
DA:834,4
DA:836,4
DA:837,1
DA:838,1
DA:841,3
DA:845,3
DA:846,3
DA:848,3
DA:849,3
DA:851,0
DA:852,0
DA:861,3
DA:863,3
DA:866,10
DA:871,10
DA:872,0
DA:873,0
DA:876,10
DA:878,12
DA:879,2
DA:880,2
DA:881,2
DA:882,2
DA:883,2
DA:884,2
DA:886,6
DA:887,4
DA:888,4
DA:889,4
DA:893,10
DA:894,10
DA:905,3
DA:912,3
DA:913,0
DA:914,0
DA:918,3
DA:919,3
DA:920,3
DA:921,3
DA:924,3
DA:929,0
DA:930,0
DA:934,3
DA:936,9
DA:937,6
DA:939,6
DA:943,6
DA:947,6
DA:948,0
DA:949,0
DA:950,0
DA:952,6
DA:956,3
DA:957,3
DA:959,3
DA:962,6
DA:969,6
DA:971,6
DA:972,1
DA:973,1
DA:976,10
DA:977,5
DA:980,5
DA:981,5
DA:983,5
DA:985,5
DA:987,3
DA:988,0
DA:989,0
DA:993,2
DA:996,2
DA:998,2
DA:999,0
DA:1000,0
DA:1001,0
DA:1006,2
DA:1007,2
DA:1011,0
DA:1012,0
DA:1015,0
DA:1020,0
DA:1021,0
DA:1025,0
DA:1027,0
DA:1028,0
DA:1030,0
DA:1034,0
DA:1037,0
DA:1041,0
DA:1042,0
DA:1044,0
DA:1045,0
DA:1052,6
DA:1056,6
DA:1057,1
DA:1058,1
DA:1061,6
DA:1062,5
DA:1064,5
DA:1065,4
DA:1081,3
DA:1087,3
DA:1094,3
DA:1096,3
DA:1097,1
DA:1098,1
DA:1101,2
DA:1105,1
DA:1107,0
DA:1108,0
DA:1109,0
DA:1113,0
DA:1114,0
DA:1115,0
DA:1120,1
DA:1124,0
DA:1125,0
DA:1129,1
DA:1131,1
DA:1132,0
DA:1134,0
DA:1137,1
DA:1138,0
DA:1139,0
DA:1140,0
DA:1143,1
DA:1144,0
DA:1145,0
DA:1146,0
DA:1149,2
DA:1150,1
DA:1153,1
DA:1160,0
DA:1163,0
DA:1164,0
DA:1167,2
DA:1168,1
DA:1171,1
DA:1174,1
DA:1175,1
DA:1181,0
DA:1185,0
DA:1186,0
DA:1192,1
DA:1194,1
DA:1207,0
DA:1216,0
DA:1218,0
DA:1219,0
DA:1220,0
DA:1223,0
DA:1225,0
DA:1226,0
DA:1230,0
DA:1232,0
DA:1236,0
DA:1237,0
DA:1240,0
DA:1243,0
DA:1245,0
DA:1256,1
DA:1263,1
DA:1264,1
DA:1266,1
DA:1269,0
DA:1270,0
DA:1272,0
DA:1274,0
DA:1283,11
DA:1291,11
DA:1294,11
DA:1295,1
DA:1296,1
DA:1299,10
DA:1308,10
DA:1309,10
DA:1314,10
DA:1315,0
DA:1316,0
DA:1320,10
DA:1321,0
DA:1323,0
DA:1327,10
DA:1329,1
DA:1330,0
DA:1331,0
DA:1334,1
DA:1336,1
DA:1337,1
DA:1338,1
DA:1339,1
DA:1342,0
DA:1344,0
DA:1347,0
DA:1350,1
DA:1353,20
DA:1354,20
DA:1355,20
DA:1357,20
DA:1364,11
DA:1367,11
DA:1369,11
DA:1377,11
DA:1378,11
DA:1381,11
DA:1382,1
DA:1383,1
DA:1384,1
DA:1387,1
DA:1389,1
DA:1392,1
DA:1397,1
DA:1398,1
DA:1401,0
DA:1404,10
DA:1406,0
DA:1412,0
DA:1417,11
DA:1419,0
DA:1420,0
DA:1423,11
DA:1429,11
DA:1430,11
DA:1434,0
DA:1442,0
DA:1443,0
DA:1445,0
DA:1449,0
DA:1451,0
DA:1460,11
DA:1461,0
DA:1462,0
DA:1463,0
DA:1464,0
DA:1467,0
DA:1468,0
DA:1471,11
DA:1472,11
DA:1473,11
DA:1476,0
DA:1477,0
DA:1481,9
DA:1482,0
DA:1484,9
DA:1486,0
DA:1487,0
DA:1490,9
DA:1496,2
DA:1501,2
DA:1504,2
DA:1506,2
DA:1507,1
DA:1510,1
DA:1513,1
DA:1515,1
DA:1516,1
DA:1519,1
DA:1524,1
DA:1528,1
DA:1530,1
DA:1533,0
DA:1545,0
DA:1547,0
DA:1548,0
DA:1549,0
DA:1552,0
DA:1553,0
DA:1562,0
DA:1563,0
DA:1564,0
DA:1567,0
DA:1568,0
DA:1569,0
DA:1572,0
DA:1573,0
DA:1578,0
DA:1579,0
DA:1580,0
DA:1584,0
DA:1586,0
DA:1589,0
DA:1590,0
DA:1591,0
DA:1594,0
DA:1596,0
DA:1597,0
DA:1598,0
DA:1602,0
DA:1603,0
DA:1605,0
DA:1608,0
DA:1611,3
DA:1620,3
DA:1622,3
DA:1623,1
DA:1624,1
DA:1628,2
DA:1629,2
DA:1635,2
DA:1636,0
DA:1637,0
DA:1640,2
DA:1642,2
DA:1643,1
DA:1645,0
DA:1646,0
DA:1647,0
DA:1651,1
DA:1652,1
DA:1656,1
DA:1659,0
DA:1662,0
DA:1663,0
DA:1665,0
DA:1668,0
DA:1672,0
DA:1673,0
DA:1679,12
DA:1686,12
DA:1688,12
DA:1689,1
DA:1692,1
DA:1696,11
DA:1701,11
DA:1702,0
DA:1705,0
DA:1707,0
DA:1712,11
DA:1713,0
DA:1718,0
DA:1719,0
DA:1720,0
DA:1724,11
DA:1725,4
DA:1726,4
DA:1728,1
DA:1729,1
DA:1731,4
DA:1732,4
DA:1734,2
DA:1736,2
DA:1737,1
DA:1740,1
DA:1744,1
DA:1745,1
DA:1746,1
DA:1747,1
DA:1749,0
DA:1750,0
DA:1755,0
DA:1758,0
DA:1765,0
DA:1767,0
DA:1768,0
DA:1769,0
DA:1772,0
DA:1773,0
DA:1775,0
DA:1776,0
DA:1779,0
DA:1781,0
LF:629
LH:383
end_of_record
TN:
SF:/home/runner/work/dlt-daemon/dlt-daemon/src/lib/dlt_client.c
FN:1008,1031,dlt_client_send_default_trace_status
FN:1033,1063,dlt_client_send_all_trace_status
FN:104,107,dlt_client_register_message_callback
FN:1065,1087,dlt_client_send_timing_pakets
FN:1089,1100,dlt_client_send_store_config
FN:109,112,dlt_client_register_fetch_next_message_callback
FN:1102,1113,dlt_client_send_reset_to_factory_default
FN:1115,1123,dlt_client_setbaudrate
FN:1125,1133,dlt_client_set_mode
FN:1135,1145,dlt_client_set_server_ip
FN:114,138,dlt_client_init_port
FN:1147,1157,dlt_client_set_host_if_address
FN:1159,1169,dlt_client_set_serial_device
FN:1171,1181,dlt_client_set_socket_path
FN:1188,1218,dlt_client_free_calloc_failed_get_log_info
FN:1220,1372,dlt_client_parse_get_log_info_resp_text
FN:1374,1404,dlt_client_cleanup_get_log_info
FN:140,171,dlt_client_init
FN:173,476,dlt_client_connect
FN:478,516,dlt_client_cleanup
FN:518,583,dlt_client_main_loop
FN:585,625,dlt_client_send_message_to_socket
FN:627,779,dlt_client_send_ctrl_msg
FN:781,814,dlt_client_send_inject_msg
FN:816,846,dlt_client_send_log_level
FN:848,877,dlt_client_get_log_info
FN:879,905,dlt_client_get_default_log_level
FN:907,929,dlt_client_get_software_version
FN:931,956,dlt_client_send_trace_status
FN:958,981,dlt_client_send_default_log_level
FN:983,1006,dlt_client_send_all_log_level
FNDA:0,dlt_client_send_default_trace_status
FNDA:0,dlt_client_send_all_trace_status
FNDA:3,dlt_client_register_message_callback
FNDA:0,dlt_client_send_timing_pakets
FNDA:0,dlt_client_send_store_config
FNDA:0,dlt_client_register_fetch_next_message_callback
FNDA:0,dlt_client_send_reset_to_factory_default
FNDA:0,dlt_client_setbaudrate
FNDA:0,dlt_client_set_mode
FNDA:6,dlt_client_set_server_ip
FNDA:8,dlt_client_init_port
FNDA:0,dlt_client_set_host_if_address
FNDA:0,dlt_client_set_serial_device
FNDA:0,dlt_client_set_socket_path
FNDA:0,dlt_client_free_calloc_failed_get_log_info
FNDA:2,dlt_client_parse_get_log_info_resp_text
FNDA:2,dlt_client_cleanup_get_log_info
FNDA:3,dlt_client_init
FNDA:9,dlt_client_connect
FNDA:5,dlt_client_cleanup
FNDA:3,dlt_client_main_loop
FNDA:2,dlt_client_send_message_to_socket
FNDA:10,dlt_client_send_ctrl_msg
FNDA:0,dlt_client_send_inject_msg
FNDA:1,dlt_client_send_log_level
FNDA:4,dlt_client_get_log_info
FNDA:1,dlt_client_get_default_log_level
FNDA:4,dlt_client_get_software_version
FNDA:0,dlt_client_send_trace_status
FNDA:0,dlt_client_send_default_log_level
FNDA:0,dlt_client_send_all_log_level
FNF:31
FNH:15
DA:104,3
DA:106,3
DA:107,3
DA:109,0
DA:111,0
DA:112,0
DA:114,8
DA:116,8
DA:117,0
DA:122,8
DA:125,8
DA:126,8
DA:127,8
DA:128,8
DA:129,8
DA:130,8
DA:131,8
DA:132,8
DA:133,8
DA:134,8
DA:135,8
DA:137,8
DA:140,3
DA:148,3
DA:150,3
DA:153,0
DA:154,0
DA:158,0
DA:161,0
DA:165,3
DA:166,0
DA:170,3
DA:173,9
DA:175,9
DA:176,9
DA:186,9
DA:190,9
DA:192,9
DA:195,9
DA:196,7
DA:197,7
DA:199,7
DA:200,0
DA:204,3
DA:207,11
DA:208,8
DA:209,0
DA:212,0
DA:213,0
DA:217,8
DA:219,0
DA:221,0
DA:222,0
DA:223,0
DA:226,8
DA:227,8
DA:228,8
DA:229,8
DA:231,8
DA:232,0
DA:234,0
DA:235,0
DA:237,16
DA:238,8
DA:240,8
DA:241,4
DA:242,4
DA:243,4
DA:244,0
DA:247,0
DA:248,0
DA:253,4
DA:254,4
DA:258,0
DA:259,0
DA:260,0
DA:265,0
DA:266,0
DA:273,7
DA:275,7
DA:276,3
DA:280,3
DA:283,4
DA:284,1
DA:292,6
DA:293,0
DA:295,0
DA:297,0
DA:298,0
DA:302,0
DA:305,0
DA:308,0
DA:309,0
DA:313,0
DA:314,0
DA:322,0
DA:323,0
DA:327,0
DA:329,0
DA:332,0
DA:333,0
DA:341,2
DA:343,2
DA:344,0
DA:347,0
DA:349,0
DA:353,2
DA:354,2
DA:356,2
DA:359,0
DA:362,0
DA:364,0
DA:367,2
DA:368,0
DA:373,0
DA:379,0
DA:381,0
DA:383,0
DA:386,0
DA:388,0
DA:392,0
DA:394,0
DA:397,0
DA:399,0
DA:402,0
DA:403,0
DA:405,0
DA:408,0
DA:410,0
DA:413,0
DA:415,0
DA:418,0
DA:419,0
DA:421,0
DA:423,0
DA:425,0
DA:429,0
DA:432,0
DA:433,0
DA:435,0
DA:436,0
DA:437,0
DA:439,0
DA:444,0
DA:447,0
DA:449,0
DA:452,0
DA:454,0
DA:456,0
DA:461,0
DA:462,0
DA:467,0
DA:470,6
DA:471,0
DA:472,0
DA:478,5
DA:482,5
DA:483,0
DA:485,5
DA:488,5
DA:489,5
DA:491,5
DA:492,0
DA:496,5
DA:497,0
DA:498,0
DA:501,5
DA:502,3
DA:503,3
DA:506,5
DA:507,2
DA:508,2
DA:511,5
DA:512,0
DA:513,0
DA:518,3
DA:523,3
DA:526,3
DA:530,409
DA:532,409
DA:534,409
DA:536,3
DA:542,614
DA:543,614
DA:545,614
DA:548,208
DA:549,208
DA:551,208
DA:552,0
DA:553,0
DA:557,0
DA:558,0
DA:561,208
DA:562,208
DA:565,0
DA:566,0
DA:570,406
DA:572,0
DA:573,0
DA:575,406
DA:576,0
DA:579,0
DA:585,2
DA:589,2
DA:590,2
DA:592,0
DA:593,0
DA:596,2
DA:598,0
DA:600,0
DA:602,0
DA:603,0
DA:604,0
DA:608,4
DA:610,2
DA:611,2
DA:613,0
DA:614,0
DA:617,2
DA:618,2
DA:620,0
DA:621,0
DA:627,10
DA:636,10
DA:640,10
DA:644,10
DA:646,10
DA:647,0
DA:648,0
DA:651,10
DA:652,10
DA:653,10
DA:656,10
DA:657,0
DA:658,0
DA:662,10
DA:665,10
DA:667,10
DA:668,0
DA:669,0
DA:673,10
DA:674,10
DA:680,10
DA:683,10
DA:685,10
DA:688,10
DA:689,0
DA:690,0
DA:694,10
DA:696,10
DA:697,10
DA:699,10
DA:701,10
DA:703,19
DA:704,19
DA:707,10
DA:710,10
DA:712,10
DA:714,10
DA:715,0
DA:719,0
DA:721,0
DA:724,10
DA:727,10
DA:729,10
DA:731,0
DA:732,0
DA:734,0
DA:735,0
DA:736,0
DA:739,10
DA:740,10
DA:742,10
DA:743,0
DA:744,0
DA:745,0
DA:748,10
DA:750,10
DA:751,0
DA:752,0
DA:753,0
DA:756,10
DA:757,10
DA:759,10
DA:766,0
DA:768,0
DA:769,0
DA:770,0
DA:775,10
DA:781,0
DA:791,0
DA:793,0
DA:799,0
DA:801,0
DA:804,0
DA:806,0
DA:807,0
DA:810,0
DA:812,0
DA:816,1
DA:821,1
DA:824,1
DA:826,1
DA:829,1
DA:830,1
DA:831,1
DA:832,1
DA:833,1
DA:836,1
DA:843,1
DA:845,1
DA:848,4
DA:853,4
DA:856,4
DA:858,4
DA:861,4
DA:862,4
DA:863,4
DA:864,4
DA:865,4
DA:868,4
DA:874,4
DA:876,4
DA:879,1
DA:884,1
DA:888,1
DA:890,1
DA:893,1
DA:896,1
DA:902,1
DA:904,1
DA:907,4
DA:912,4
DA:915,4
DA:917,4
DA:920,4
DA:926,4
DA:928,4
DA:931,0
DA:935,0
DA:937,0
DA:940,0
DA:941,0
DA:942,0
DA:943,0
DA:944,0
DA:947,0
DA:949,0
DA:950,0
DA:953,0
DA:955,0
DA:958,0
DA:962,0
DA:964,0
DA:967,0
DA:968,0
DA:969,0
DA:972,0
DA:974,0
DA:975,0
DA:978,0
DA:980,0
DA:983,0
DA:987,0
DA:989,0
DA:992,0
DA:993,0
DA:994,0
DA:997,0
DA:999,0
DA:1000,0
DA:1003,0
DA:1005,0
DA:1008,0
DA:1012,0
DA:1014,0
DA:1017,0
DA:1018,0
DA:1019,0
DA:1022,0
DA:1024,0
DA:1025,0
DA:1028,0
DA:1030,0
DA:1033,0
DA:1037,0
DA:1038,0
DA:1039,0
DA:1042,0
DA:1044,0
DA:1045,0
DA:1046,0
DA:1049,0
DA:1050,0
DA:1051,0
DA:1054,0
DA:1056,0
DA:1057,0
DA:1060,0
DA:1062,0
DA:1065,0
DA:1069,0
DA:1071,0
DA:1074,0
DA:1075,0
DA:1078,0
DA:1080,0
DA:1081,0
DA:1084,0
DA:1086,0
DA:1089,0
DA:1093,0
DA:1096,0
DA:1097,0
DA:1102,0
DA:1106,0
DA:1109,0
DA:1110,0
DA:1115,0
DA:1117,0
DA:1120,0
DA:1122,0
DA:1125,0
DA:1127,0
DA:1130,0
DA:1131,0
DA:1135,6
DA:1137,6
DA:1139,6
DA:1140,0
DA:1141,0
DA:1147,0
DA:1149,0
DA:1151,0
DA:1152,0
DA:1153,0
DA:1159,0
DA:1161,0
DA:1163,0
DA:1164,0
DA:1165,0
DA:1171,0
DA:1173,0
DA:1175,0
DA:1176,0
DA:1177,0
DA:1188,0
DA:1196,0
DA:1197,0
DA:1199,0
DA:1200,0
DA:1202,0
DA:1203,0
DA:1206,0
DA:1207,0
DA:1209,0
DA:1210,0
DA:1213,0
DA:1214,0
DA:1215,0
DA:1217,0
DA:1220,2
DA:1228,2
DA:1230,2
DA:1254,2
DA:1258,2
DA:1260,0
DA:1261,0
DA:1265,0
DA:1266,0
DA:1271,0
DA:1276,0
DA:1280,2
DA:1281,2
DA:1282,2
DA:1284,2
DA:1285,2
DA:1287,2
DA:1288,0
DA:1289,0
DA:1290,0
DA:1293,5
DA:1294,3
DA:1296,3
DA:1299,3
DA:1300,3
DA:1301,3
DA:1303,3
DA:1304,3
DA:1306,3
DA:1307,0
DA:1309,0
DA:1310,0
DA:1313,9
DA:1314,6
DA:1316,6
DA:1318,6
DA:1322,6
DA:1323,6
DA:1327,6
DA:1328,6
DA:1332,6
DA:1333,6
DA:1335,6
DA:1336,6
DA:1338,6
DA:1339,0
DA:1340,0
DA:1341,0
DA:1344,6
DA:1352,3
DA:1353,3
DA:1355,3
DA:1356,3
DA:1358,3
DA:1359,0
DA:1360,0
DA:1361,0
DA:1364,3
DA:1374,2
DA:1380,2
DA:1383,5
DA:1384,3
DA:1386,9
DA:1387,6
DA:1388,6
DA:1391,3
DA:1393,3
DA:1397,2
DA:1400,2
DA:1403,2
LF:531
LH:239
end_of_record
TN:
SF:/home/runner/work/dlt-daemon/dlt-daemon/src/lib/dlt_env_ll.c
FN:126,167,dlt_env_extract_symbolic_ll
FN:198,231,dlt_env_extract_ll
FN:239,273,dlt_env_extract_ll_item
FN:284,301,dlt_env_init_ll_set
FN:307,320,dlt_env_free_ll_set
FN:329,353,dlt_env_increase_ll_set
FN:364,395,dlt_env_extract_ll_set
FN:403,422,dlt_env_ids_match
FN:436,459,dlt_env_ll_item_get_matching_prio
FN:471,498,dlt_env_adjust_ll_from_env
FN:58,82,dlt_env_extract_id
FN:90,123,dlt_env_helper_to_lower
FNDA:0,dlt_env_extract_symbolic_ll
FNDA:0,dlt_env_extract_ll
FNDA:0,dlt_env_extract_ll_item
FNDA:0,dlt_env_init_ll_set
FNDA:22675,dlt_env_free_ll_set
FNDA:0,dlt_env_increase_ll_set
FNDA:0,dlt_env_extract_ll_set
FNDA:0,dlt_env_ids_match
FNDA:0,dlt_env_ll_item_get_matching_prio
FNDA:205,dlt_env_adjust_ll_from_env
FNDA:0,dlt_env_extract_id
FNDA:0,dlt_env_helper_to_lower
FNF:12
FNH:2
DA:58,0
DA:62,0
DA:66,0
DA:72,0
DA:73,0
DA:77,0
DA:90,0
DA:95,0
DA:99,0
DA:103,0
DA:105,0
DA:106,0
DA:107,0
DA:109,0
DA:112,0
DA:113,0
DA:116,0
DA:118,0
DA:126,0
DA:127,0
DA:130,0
DA:134,0
DA:138,0
DA:139,0
DA:140,0
DA:141,0
DA:142,0
DA:143,0
DA:144,0
DA:145,0
DA:146,0
DA:147,0
DA:148,0
DA:149,0
DA:150,0
DA:151,0
DA:152,0
DA:153,0
DA:154,0
DA:159,0
DA:160,0
DA:163,0
DA:198,0
DA:200,0
DA:204,0
DA:209,0
DA:210,0
DA:212,0
DA:213,0
DA:214,0
DA:217,0
DA:218,0
DA:219,0
DA:220,0
DA:226,0
DA:239,0
DA:243,0
DA:247,0
DA:252,0
DA:254,0
DA:258,0
DA:259,0
DA:261,0
DA:265,0
DA:266,0
DA:268,0
DA:284,0
DA:286,0
DA:290,0
DA:291,0
DA:293,0
DA:295,0
DA:296,0
DA:299,0
DA:300,0
DA:307,22675
DA:309,22675
DA:313,22675
DA:314,0
DA:315,0
DA:318,22675
DA:319,22675
DA:329,0
DA:334,0
DA:338,0
DA:339,0
DA:341,0
DA:342,0
DA:344,0
DA:346,0
DA:347,0
DA:349,0
DA:350,0
DA:351,0
DA:364,0
DA:366,0
DA:370,0
DA:374,0
DA:379,0
DA:380,0
DA:385,0
DA:389,0
DA:390,0
DA:392,0
DA:403,0
DA:405,0
DA:409,0
DA:413,0
DA:417,0
DA:418,0
DA:436,0
DA:440,0
DA:444,0
DA:445,0
DA:447,0
DA:450,0
DA:451,0
DA:453,0
DA:471,205
DA:476,205
DA:484,205
DA:485,0
DA:487,0
DA:489,0
DA:491,0
DA:492,0
LF:126
LH:8
end_of_record
TN:
SF:/home/runner/work/dlt-daemon/dlt-daemon/src/lib/dlt_filetransfer.c
FN:103,120,stringHash
FN:129,147,getFileSerialNumber
FN:155,166,getFileCreationDate
FN:175,190,getFileCreationDate2
FN:196,200,isFile
FN:206,212,doTimeout
FN:218,229,checkUserBufferForFreeSpace
FN:236,239,doRemoveFile
FN:241,296,dlt_user_log_file_errorMessage
FN:306,355,dlt_user_log_file_infoAbout
FN:369,393,dlt_user_log_file_complete
FN:404,442,dlt_user_log_file_packagesCount
FN:454,505,dlt_user_log_file_header_alias
FN:516,566,dlt_user_log_file_header
FN:576,583,dlt_user_log_file_data
FN:594,735,dlt_user_log_file_data_cancelable
FN:745,780,dlt_user_log_file_end
FN:84,96,getFilesize
FNDA:0,stringHash
FNDA:0,getFileSerialNumber
FNDA:0,getFileCreationDate
FNDA:0,getFileCreationDate2
FNDA:0,isFile
[...]
DA:1834,22717
DA:1835,22717
DA:1836,22717
DA:1837,22717
DA:1838,22717
DA:1841,22717
DA:1842,0
DA:1843,0
DA:1846,22717
DA:1849,22717
DA:1852,9
DA:1854,9
DA:1857,9
DA:1861,9
DA:1863,9
DA:1867,9
DA:1868,9
DA:1869,9
DA:1870,9
DA:1871,9
DA:1872,9
DA:1873,9
DA:1874,9
DA:1875,9
DA:1877,9
DA:1880,22716
DA:1883,22716
DA:1886,22716
DA:1887,22714
DA:1889,22716
DA:1890,0
DA:1892,22716
DA:1893,22716
DA:1894,22716
DA:1896,22716
DA:1899,9
DA:1902,9
DA:1905,9
DA:1906,0
DA:1908,9
DA:1909,9
DA:1910,9
DA:1912,9
DA:1915,1627
DA:1919,1627
DA:1922,1627
DA:1925,1626
DA:1926,1626
DA:1928,1626
DA:1929,1
DA:1930,1
DA:1931,1
DA:1934,1626
DA:1936,426
DA:1937,426
DA:1938,426
DA:1940,1200
DA:1942,1200
DA:1943,1200
DA:1944,1200
DA:1948,0
DA:1949,0
DA:1950,0
DA:1951,0
DA:1953,0
DA:1957,1626
DA:1958,6
DA:1959,6
DA:1962,1620
DA:1963,1620
DA:1965,1620
DA:1968,6096
DA:1970,6096
DA:1973,6139
DA:1976,6139
DA:1977,0
DA:1978,0
DA:1979,0
DA:1982,6139
DA:1983,263
DA:1985,6096
DA:1988,1621
DA:1990,1621
DA:1993,1621
DA:1996,1621
DA:1997,1
DA:1999,1
DA:2000,0
DA:2004,1
DA:2010,133
DA:2015,133
DA:2018,133
DA:2019,88
DA:2021,133
DA:2022,133
DA:2023,133
DA:2029,133
DA:2030,88
DA:2034,133
DA:2035,0
DA:2036,0
DA:2037,0
DA:2041,133
DA:2044,12102
DA:2051,12102
DA:2058,12102
DA:2062,12102
DA:2063,12102
DA:2064,12102
DA:2065,12102
DA:2067,12102
DA:2073,12102
DA:2074,12102
DA:2077,12102
DA:2080,8
DA:2083,8
DA:2084,1
DA:2088,8
DA:2091,6589
DA:2093,6589
DA:2096,13178
DA:2097,6589
DA:2098,6589
DA:2099,6589
DA:2100,13178
DA:2103,0
DA:2105,0
DA:2111,0
DA:2112,0
DA:2113,0
DA:2114,0
DA:2118,0
DA:2119,0
DA:2120,0
DA:2121,0
DA:2122,0
DA:2125,0
DA:2127,0
DA:2129,0
DA:2131,0
DA:2134,0
DA:2136,0
DA:2140,0
DA:2141,0
DA:2142,0
DA:2143,0
DA:2146,0
DA:2147,0
DA:2149,0
DA:2153,0
DA:2156,22805
DA:2162,22805
DA:2166,22797
DA:2169,22790
DA:2172,22790
DA:2176,22790
DA:2177,22790
DA:2178,22790
DA:2181,22790
DA:2183,22790
DA:2184,0
DA:2187,0
DA:2192,22790
DA:2193,22790
DA:2194,22790
DA:2195,22790
DA:2197,22790
DA:2198,0
DA:2201,0
DA:2204,22790
DA:2206,22790
DA:2211,22790
DA:2213,22790
DA:2216,0
DA:2219,0
DA:2222,0
DA:2224,0
DA:2225,0
DA:2231,22780
DA:2234,22780
DA:2237,22779
DA:2239,0
DA:2240,0
DA:2243,22779
DA:2244,22779
DA:2245,22779
DA:2247,22779
DA:2250,41030
DA:2253,41030
DA:2254,40011
DA:2255,40011
DA:2257,40010
DA:2258,40010
DA:2264,1
DA:2266,1
DA:2267,1
DA:2268,1
DA:2273,0
DA:2277,1019
DA:2279,41030
DA:2281,53
DA:2284,53
DA:2285,37
DA:2287,35
DA:2288,35
DA:2294,2
DA:2296,1
DA:2297,1
DA:2298,1
DA:2303,16
DA:2305,53
DA:2307,858
DA:2309,858
DA:2312,858
DA:2313,0
DA:2318,7
DA:2324,7
DA:2325,1
DA:2326,1
DA:2330,6
DA:2335,6
DA:2340,6
DA:2342,6
DA:2343,0
DA:2346,0
DA:2350,6
DA:2353,6
DA:2354,4
DA:2355,4
DA:2356,4
DA:2357,4
DA:2360,2
DA:2361,2
DA:2362,2
DA:2363,2
DA:2364,2
DA:2368,6
DA:2371,6
DA:2372,6
DA:2373,6
DA:2375,6
DA:2381,6
DA:2384,8
DA:2389,8
DA:2390,1
DA:2391,1
DA:2394,7
DA:2399,0
DA:2401,0
DA:2402,0
DA:2405,0
DA:2409,0
DA:2412,0
DA:2413,0
DA:2414,0
DA:2417,0
DA:2418,0
DA:2419,0
DA:2421,0
DA:2426,0
DA:2428,0
DA:2431,9
DA:2434,9
DA:2435,1
DA:2436,1
DA:2439,8
DA:2441,8
DA:2444,8
DA:2445,8
DA:2446,8
DA:2449,8
DA:2451,8
DA:2454,7516
DA:2456,7516
DA:2459,15284
DA:2472,15284
DA:2475,15216
DA:2477,0
DA:2478,0
DA:2482,15216
DA:2483,15216
DA:2484,15216
DA:2487,15216
DA:2488,0
DA:2491,0
DA:2492,0
DA:2496,15216
DA:2497,0
DA:2498,15216
DA:2501,15216
DA:2504,15220
DA:2506,4
DA:2512,4
DA:2513,4
DA:2516,4
DA:2517,0
DA:2518,4
DA:2521,4
DA:2527,15216
DA:2528,15216
DA:2531,15216
DA:2533,15216
DA:2534,15216
DA:2536,15216
DA:2537,7702
DA:2539,15216
DA:2540,1876
DA:2543,15216
DA:2544,15216
DA:2546,15216
DA:2550,64
DA:2554,64
DA:2558,64
DA:2561,47
DA:2563,0
DA:2564,0
DA:2568,47
DA:2569,47
DA:2570,47
DA:2573,47
DA:2574,3
DA:2577,3
DA:2578,3
DA:2582,44
DA:2583,22
DA:2584,1
DA:2587,1
DA:2590,22
DA:2594,22
DA:2595,21
DA:2597,1
DA:2600,22
DA:2601,1
DA:2604,1
DA:2605,1
DA:2609,21
DA:2612,21
DA:2613,1
DA:2614,1
DA:2615,1
DA:2618,20
DA:2619,0
DA:2620,0
DA:2621,0
DA:2625,20
DA:2626,1
DA:2629,1
DA:2630,1
DA:2634,19
DA:2635,1
DA:2641,19
DA:2643,14
DA:2645,14
DA:2647,3
DA:2650,5
DA:2652,5
DA:2653,5
DA:2655,0
DA:2659,8
DA:2660,8
DA:2662,8
DA:2664,5
DA:2667,19
DA:2670,8
DA:2672,8
DA:2675,13
DA:2677,13
DA:2680,7
DA:2682,7
DA:2685,2
DA:2688,2
DA:2689,1
DA:2690,1
DA:2693,1
DA:2695,1
DA:2698,2
DA:2703,2
DA:2704,1
DA:2705,1
DA:2709,1
DA:2712,1
DA:2713,1
DA:2714,1
DA:2716,1
DA:2721,3
DA:2724,3
DA:2727,2
DA:2730,2503
DA:2735,2503
DA:2739,2502
DA:2742,2502
DA:2743,2502
DA:2744,2502
DA:2746,2502
DA:2749,2501
DA:2750,2501
DA:2752,0
DA:2755,8530
DA:2758,8530
DA:2762,8530
DA:2765,8530
DA:2770,0
DA:2775,0
DA:2778,0
DA:2787,0
DA:2799,0
DA:2805,0
DA:2811,0
DA:2812,0
DA:2817,0
DA:2818,0
DA:2823,0
DA:2824,0
DA:2828,0
DA:2837,0
DA:2842,0
DA:2848,0
DA:2851,0
DA:2853,0
DA:2856,0
DA:2858,0
DA:2861,0
DA:2863,0
DA:2866,0
DA:2868,0
DA:2871,0
DA:2873,0
DA:2876,0
DA:2878,0
DA:2881,0
DA:2883,0
DA:2886,0
DA:2888,0
DA:2891,0
DA:2893,0
DA:2896,0
DA:2898,0
DA:2901,0
DA:2903,0
DA:2906,0
DA:2908,0
DA:2911,0
DA:2913,0
DA:2916,0
DA:2918,0
DA:2921,0
DA:2929,0
DA:2932,0
DA:2934,0
DA:2937,0
DA:2939,0
DA:2942,0
DA:2944,0
DA:2947,0
DA:2949,0
DA:2952,0
DA:2954,0
DA:2957,0
DA:2959,0
DA:2962,0
DA:2964,0
DA:2967,0
DA:2969,0
DA:2972,0
DA:2975,0
DA:2978,0
DA:2982,0
DA:2985,0
DA:2989,0
DA:2992,0
DA:2996,0
DA:2999,0
DA:3010,0
DA:3018,22
DA:3020,22
DA:3021,0
DA:3022,0
DA:3043,9
DA:3045,9
DA:3046,0
DA:3047,0
DA:3053,9
DA:3055,9
DA:3056,0
DA:3057,0
DA:3064,6299
DA:3074,6299
DA:3075,6299
DA:3083,328
DA:3085,328
DA:3088,316
DA:3090,316
DA:3092,316
DA:3095,328
DA:3097,328
DA:3100,316
DA:3102,316
DA:3104,316
DA:3106,316
DA:3108,316
DA:3111,328
DA:3113,328
DA:3116,316
DA:3118,316
DA:3120,316
DA:3122,316
DA:3124,316
DA:3127,328
DA:3129,328
DA:3132,316
DA:3134,316
DA:3136,316
DA:3138,316
DA:3140,316
DA:3143,328
DA:3145,328
DA:3148,316
DA:3150,316
DA:3152,316
DA:3155,316
DA:3157,316
DA:3160,2771
DA:3170,2771
DA:3185,2756
DA:3186,2756
DA:3187,2756
DA:3188,2756
DA:3204,2756
DA:3205,1159
DA:3207,1159
DA:3208,1159
DA:3210,1159
DA:3213,1159
DA:3216,0
DA:3219,1159
DA:3220,0
DA:3222,0
DA:3225,0
DA:3227,0
DA:3230,0
DA:3232,0
DA:3233,0
DA:3234,0
DA:3235,0
DA:3239,0
DA:3240,0
DA:3243,1159
DA:3245,1159
DA:3248,1597
DA:3251,112
DA:3252,0
DA:3254,0
DA:3257,0
DA:3259,0
DA:3262,0
DA:3264,0
DA:3265,0
DA:3266,0
DA:3267,0
DA:3271,0
DA:3272,0
DA:3276,112
DA:3278,112
DA:3281,110
DA:3283,1485
DA:3285,0
DA:3286,0
DA:3288,0
DA:3289,0
DA:3291,0
DA:3294,0
DA:3295,0
DA:3298,0
DA:3304,0
DA:3305,0
DA:3307,0
DA:3308,0
DA:3310,0
DA:3313,0
DA:3314,0
DA:3317,0
DA:3323,1485
DA:3325,0
DA:3326,0
DA:3328,0
DA:3331,0
DA:3334,0
DA:3335,0
DA:3337,0
DA:3340,0
DA:3343,0
DA:3344,0
DA:3346,0
DA:3352,0
DA:3353,0
DA:3354,0
DA:3356,0
DA:3360,0
DA:3361,0
DA:3363,0
DA:3366,0
DA:3367,0
DA:3370,1485
DA:3373,1358
DA:3374,0
DA:3376,0
DA:3379,0
DA:3380,0
DA:3382,0
DA:3385,0
DA:3387,0
DA:3390,0
DA:3392,0
DA:3393,0
DA:3394,0
DA:3395,0
DA:3399,0
DA:3400,0
DA:3402,0
DA:3407,0
DA:3409,0
DA:3410,0
DA:3413,1358
DA:3414,0
DA:3416,0
DA:3419,0
DA:3420,0
DA:3424,0
DA:3427,0
DA:3428,0
DA:3429,0
DA:3431,0
DA:3433,0
DA:3436,0
DA:3437,0
DA:3438,0
DA:3440,0
DA:3442,0
DA:3445,0
DA:3446,0
DA:3447,0
DA:3456,1358
DA:3457,14
DA:3459,14
DA:3461,7
DA:3463,7
DA:3466,7
DA:3470,7
DA:3472,7
DA:3475,7
DA:3480,21
DA:3482,21
DA:3485,7
DA:3487,7
DA:3490,7
DA:3491,7
DA:3496,14
DA:3498,14
DA:3501,14
DA:3502,14
DA:3507,1309
DA:3509,1309
DA:3512,287
DA:3514,287
DA:3517,287
DA:3523,1022
DA:3525,1022
DA:3528,1022
DA:3534,14
DA:3536,14
DA:3539,7
DA:3541,7
DA:3544,7
DA:3554,7
DA:3556,7
DA:3559,7
DA:3569,0
DA:3571,0
DA:3572,0
DA:3574,0
DA:3577,0
DA:3578,0
DA:3579,0
DA:3587,127
DA:3590,14
DA:3591,0
DA:3593,0
DA:3596,0
DA:3597,0
DA:3599,0
DA:3602,0
DA:3604,0
DA:3607,0
DA:3609,0
DA:3610,0
DA:3611,0
DA:3612,0
DA:3616,0
DA:3617,0
DA:3619,0
DA:3624,0
DA:3626,0
DA:3627,0
DA:3630,14
DA:3631,0
DA:3633,0
DA:3634,0
DA:3636,0
DA:3639,0
DA:3640,0
DA:3641,0
DA:3643,0
DA:3645,0
DA:3646,0
DA:3648,0
DA:3651,0
DA:3652,0
DA:3653,0
DA:3662,7
DA:3664,7
DA:3669,7
DA:3671,7
DA:3687,7
DA:3689,7
DA:3694,7
DA:3709,0
DA:3711,0
DA:3712,0
DA:3714,0
DA:3717,0
DA:3718,0
DA:3719,0
DA:3727,113
DA:3730,112
DA:3732,112
DA:3735,110
DA:3737,110
DA:3738,0
DA:3740,0
DA:3743,0
DA:3745,0
DA:3748,0
DA:3750,0
DA:3751,0
DA:3752,0
DA:3753,0
DA:3757,0
DA:3758,0
DA:3761,110
DA:3764,9
DA:3766,9
DA:3767,9
DA:3769,1
DA:3772,0
DA:3774,0
DA:3777,0
DA:3779,0
DA:3781,0
DA:3788,2650
DA:3789,0
DA:3790,0
DA:3794,2650
DA:3795,0
DA:3797,0
DA:3799,0
DA:3800,0
DA:3808,22675
DA:3810,22675
DA:3812,22675
DA:3813,0
DA:3815,22675
DA:3817,22675
DA:3818,0
DA:3820,0
DA:3821,0
DA:3824,22675
DA:3826,22675
DA:3827,0
DA:3829,0
DA:3830,0
DA:3834,22675
DA:3836,22675
DA:3837,0
DA:3839,22675
DA:3850,22675
DA:3852,2
DA:3860,2
DA:3866,2
DA:3868,2
DA:3869,2
DA:3871,2
DA:3872,2
DA:3873,2
DA:3874,2
DA:3880,14
DA:3882,14
DA:3885,14
DA:3891,14
DA:3892,14
DA:3893,14
DA:3894,14
DA:3896,14
DA:3898,14
DA:3901,12
DA:3903,12
DA:3906,12
DA:3912,12
DA:3913,12
DA:3915,12
DA:3917,12
DA:3920,11
DA:3922,11
DA:3928,11
DA:3929,11
DA:3931,11
DA:3934,20
DA:3936,20
DA:3940,20
DA:3946,289
DA:3947,269
DA:3948,269
DA:3949,269
DA:3950,269
DA:3956,0
DA:3958,0
DA:3960,0
DA:3965,0
DA:3966,0
DA:3967,0
DA:3972,0
DA:3973,0
DA:3976,0
DA:3978,0
DA:3981,0
DA:3983,0
DA:3988,0
DA:3993,0
DA:3995,0
DA:3998,0
DA:4002,0
DA:4006,3
DA:4009,3
DA:4011,3
DA:4013,3
DA:4016,1
DA:4018,1
DA:4019,0
DA:4020,0
DA:4023,106
DA:4025,105
DA:4026,0
DA:4029,105
DA:4031,105
DA:4034,105
DA:4036,105
DA:4039,105
DA:4041,105
DA:4044,105
DA:4046,0
DA:4048,0
DA:4049,0
DA:4052,105
DA:4055,105
DA:4060,105
DA:4063,105
DA:4069,105
DA:4070,105
DA:4072,105
DA:4074,105
DA:4077,1
DA:4078,1
DA:4082,0
DA:4087,0
DA:4089,0
DA:4093,0
DA:4095,0
DA:4097,0
DA:4100,0
DA:4101,0
DA:4103,0
DA:4105,0
DA:4106,0
DA:4108,0
DA:4111,0
DA:4113,0
DA:4116,0
DA:4119,0
DA:4120,0
DA:4122,0
DA:4123,0
DA:4124,0
DA:4127,0
DA:4131,0
DA:4133,0
DA:4135,0
DA:4139,0
DA:4140,0
DA:4144,0
DA:4145,0
DA:4148,5
DA:4150,5
DA:4151,0
DA:4152,0
DA:4155,5
DA:4156,5
DA:4159,6
DA:4160,6
DA:4162,6
DA:4163,6
DA:4164,5
DA:4165,5
DA:4167,5
DA:4168,5
DA:4169,5
LF:1619
LH:1011
end_of_record
TN:
SF:/home/runner/work/dlt-daemon/dlt-daemon/src/shared/dlt_config_file_parser.c
FN:122,160,dlt_config_file_set_section
FN:172,223,dlt_config_file_set_section_data
FN:252,270,dlt_config_file_get_section_name_from_string
FN:282,310,dlt_config_file_get_key_value
FN:322,345,dlt_config_file_read_line
FN:355,397,dlt_config_file_read_file
FN:408,426,dlt_config_file_find_section
FN:429,461,dlt_config_file_init
FN:463,490,dlt_config_file_release
FN:492,503,dlt_config_file_get_section_name
FN:505,517,dlt_config_file_get_num_sections
FN:519,554,dlt_config_file_get_value
FN:52,68,dlt_config_file_trim_line
FN:556,569,dlt_config_file_check_section_name_exists
FN:96,111,dlt_config_file_is_section_name
FNDA:40,dlt_config_file_set_section
FNDA:339,dlt_config_file_set_section_data
FNDA:40,dlt_config_file_get_section_name_from_string
FNDA:339,dlt_config_file_get_key_value
FNDA:379,dlt_config_file_read_line
FNDA:14,dlt_config_file_read_file
FNDA:540,dlt_config_file_find_section
FNDA:14,dlt_config_file_init
FNDA:14,dlt_config_file_release
FNDA:40,dlt_config_file_get_section_name
FNDA:14,dlt_config_file_get_num_sections
FNDA:536,dlt_config_file_get_value
FNDA:379,dlt_config_file_trim_line
FNDA:4,dlt_config_file_check_section_name_exists
FNDA:40,dlt_config_file_is_section_name
FNF:15
FNH:15
DA:52,379
DA:54,379
DA:60,6683
DA:61,6304
DA:63,6304
DA:64,5925
DA:67,379
DA:80,406
DA:96,40
DA:100,40
DA:103,179
DA:104,139
DA:106,139
DA:122,40
DA:124,40
DA:127,40
DA:128,0
DA:129,0
DA:133,40
DA:134,0
DA:135,0
DA:138,40
DA:141,40
DA:143,40
DA:144,0
DA:145,0
DA:148,40
DA:150,40
DA:151,0
DA:152,0
DA:153,0
DA:154,0
DA:158,40
DA:159,40
DA:172,339
DA:176,339
DA:179,339
DA:180,339
DA:182,339
DA:183,0
DA:184,0
DA:188,339
DA:190,339
DA:192,40
DA:194,40
DA:195,0
DA:196,0
DA:199,40
DA:202,299
DA:204,1589
DA:205,1290
DA:208,299
DA:210,299
DA:211,0
DA:212,0
DA:216,339
DA:217,339
DA:218,339
DA:220,339
DA:222,339
DA:237,379
DA:252,40
DA:257,40
DA:260,386
DA:261,386
DA:262,40
DA:263,346
DA:266,306
DA:282,339
DA:288,339
DA:291,339
DA:293,339
DA:295,339
DA:300,339
DA:302,339
DA:304,339
DA:309,339
DA:322,379
DA:324,379
DA:334,40
DA:341,339
DA:355,14
DA:358,14
DA:359,14
DA:360,14
DA:365,434
DA:366,406
DA:369,27
DA:370,27
DA:373,379
DA:376,379
DA:378,379
DA:379,40
DA:382,40
DA:386,339
DA:388,339
DA:389,339
DA:392,0
DA:393,0
DA:397,14
DA:408,540
DA:413,540
DA:414,0
DA:415,0
DA:418,2490
DA:419,2486
DA:421,2486
DA:422,536
DA:429,14
DA:434,14
DA:435,0
DA:436,0
DA:439,14
DA:441,14
DA:442,0
DA:443,0
DA:446,14
DA:449,14
DA:450,0
DA:451,0
DA:452,0
DA:455,14
DA:458,14
DA:460,14
DA:463,14
DA:467,14
DA:468,14
DA:470,54
DA:471,40
DA:472,40
DA:473,40
DA:475,40
DA:476,40
DA:478,379
DA:480,339
DA:481,339
DA:482,339
DA:483,339
DA:487,14
DA:488,14
DA:490,14
DA:492,40
DA:496,40
DA:499,40
DA:500,40
DA:502,40
DA:505,14
DA:507,14
DA:514,14
DA:516,14
DA:519,536
DA:527,536
DA:533,536
DA:535,536
DA:538,536
DA:540,536
DA:542,3465
DA:543,3264
DA:544,335
DA:545,335
DA:548,2929
DA:552,201
DA:553,201
DA:556,4
DA:561,4
DA:564,4
DA:565,4
LF:167
LH:140
end_of_record
TN:
SF:/home/runner/work/dlt-daemon/dlt-daemon/src/shared/dlt_log.c
FN:116,127,dlt_log_init_single_logfile
FN:129,162,dlt_log_init_multiple_logfiles
FN:164,189,dlt_user_printf
FN:191,265,dlt_log
FN:267,286,dlt_vlog
FN:288,313,dlt_vnlog
FN:315,323,dlt_log_multiple_files_write
FN:325,334,dlt_log_free
FN:336,341,dlt_log_free_single_logfile
FN:343,349,dlt_log_free_multiple_logfiles
FN:351,354,dlt_is_log_in_multiple_files_active
FN:55,65,dlt_log_set_filename
FN:67,78,dlt_log_set_level
FN:80,83,dlt_log_init
FN:86,114,dlt_log_init_multiple_logfiles_support
FNDA:4,dlt_log_init_single_logfile
FNDA:4,dlt_log_init_multiple_logfiles
FNDA:2852,dlt_user_printf
FNDA:29357,dlt_log
FNDA:43226,dlt_vlog
FNDA:22669,dlt_vnlog
FNDA:12,dlt_log_multiple_files_write
FNDA:15,dlt_log_free
FNDA:2,dlt_log_free_single_logfile
FNDA:3,dlt_log_free_multiple_logfiles
FNDA:37,dlt_is_log_in_multiple_files_active
FNDA:17,dlt_log_set_filename
FNDA:19,dlt_log_set_level
FNDA:12,dlt_log_init
FNDA:26,dlt_log_init_multiple_logfiles_support
FNF:15
FNH:15
DA:55,17
DA:58,17
DA:59,1
DA:60,1
DA:64,16
DA:67,19
DA:69,19
DA:70,0
DA:71,0
DA:73,0
DA:76,19
DA:78,19
DA:80,12
DA:82,12
DA:86,26
DA:89,26
DA:90,0
DA:91,0
DA:94,26
DA:96,26
DA:101,7
DA:102,4
DA:103,4
DA:104,4
DA:105,1
DA:106,1
DA:109,3
DA:110,3
DA:116,4
DA:119,4
DA:120,4
DA:122,4
DA:123,0
DA:124,0
DA:129,4
DA:133,4
DA:135,4
DA:136,4
DA:139,4
DA:141,4
DA:143,4
DA:145,3
DA:146,3
DA:148,3
DA:158,3
DA:164,2852
DA:166,2852
DA:169,2852
DA:173,2852
DA:174,8
DA:179,8
DA:180,8
DA:181,2844
DA:182,2844
DA:183,2844
DA:186,2852
DA:188,2852
DA:191,29357
DA:200,29357
DA:203,29356
DA:206,28440
DA:209,28440
DA:211,28440
DA:212,529
DA:214,1058
DA:215,529
DA:216,529
DA:218,529
DA:220,529
DA:221,529
DA:222,27874
DA:224,55748
DA:225,27874
DA:226,27874
DA:228,27874
DA:231,0
DA:234,0
DA:235,0
DA:237,0
DA:238,0
DA:240,0
DA:242,0
DA:244,0
DA:245,32
DA:248,32
DA:249,24
DA:250,12
DA:252,20
DA:253,40
DA:254,20
DA:255,20
DA:267,43226
DA:269,43226
DA:273,43226
DA:276,43226
DA:279,5695
DA:281,5695
DA:283,5695
DA:285,5695
DA:288,22669
DA:294,22669
DA:297,22669
DA:300,22669
DA:303,22669
DA:305,22669
DA:307,22669
DA:309,22669
DA:312,22669
DA:315,12
DA:317,12
DA:319,12
DA:321,12
DA:322,12
DA:323,12
DA:325,15
DA:327,15
DA:328,5
DA:329,3
DA:331,2
DA:334,15
DA:336,2
DA:338,2
DA:339,2
DA:341,2
DA:343,3
DA:345,3
DA:348,3
DA:351,37
DA:353,37
LF:129
LH:114
end_of_record
TN:
SF:/home/runner/work/dlt-daemon/dlt-daemon/src/shared/dlt_multiple_files.c
FN:118,132,multiple_files_buffer_file_name
FN:134,146,multiple_files_buffer_get_idx_of_log_file
FN:148,224,multiple_files_buffer_create_new_file
FN:226,267,multiple_files_buffer_get_total_size
FN:269,345,multiple_files_buffer_delete_oldest_file
FN:347,376,multiple_files_buffer_check_size
FN:378,406,multiple_files_buffer_open_file_for_append
FN:408,438,multiple_files_buffer_init
FN:44,116,multiple_files_buffer_storage_dir_info
FN:440,454,multiple_files_buffer_rotate_file
FN:456,472,multiple_files_buffer_write_chunk
FN:474,484,multiple_files_buffer_write
FN:486,499,multiple_files_buffer_free
FNDA:9,multiple_files_buffer_file_name
FNDA:53,multiple_files_buffer_get_idx_of_log_file
FNDA:9,multiple_files_buffer_create_new_file
FNDA:21,multiple_files_buffer_get_total_size
FNDA:9,multiple_files_buffer_delete_oldest_file
FNDA:12,multiple_files_buffer_check_size
FNDA:3,multiple_files_buffer_open_file_for_append
FNDA:3,multiple_files_buffer_init
FNDA:12,multiple_files_buffer_storage_dir_info
FNDA:12,multiple_files_buffer_rotate_file
FNDA:12,multiple_files_buffer_write_chunk
FNDA:12,multiple_files_buffer_write
FNDA:3,multiple_files_buffer_free
FNF:13
FNH:13
DA:44,12
DA:49,12
DA:53,12
DA:54,0
DA:55,0
DA:58,12
DA:59,12
DA:61,398
DA:63,386
DA:65,386
DA:66,110
DA:67,48
DA:69,48
DA:72,36
DA:75,20
DA:81,48
DA:84,20
DA:87,20
DA:94,12
DA:95,12
DA:97,12
DA:102,12
DA:104,12
DA:111,398
DA:113,12
DA:115,12
DA:118,9
DA:124,9
DA:127,9
DA:128,9
DA:131,9
DA:132,9
DA:134,53
DA:136,53
DA:138,53
DA:141,53
DA:143,53
DA:145,53
DA:148,9
DA:150,9
DA:151,0
DA:152,0
DA:162,9
DA:165,0
DA:166,0
DA:167,0
DA:169,0
DA:171,0
DA:172,0
DA:174,0
DA:176,0
DA:177,0
DA:178,0
DA:182,0
DA:184,0
DA:185,0
DA:186,0
DA:190,9
DA:191,9
DA:193,9
DA:194,9
DA:200,9
DA:202,9
DA:204,9
DA:206,9
DA:207,0
DA:208,0
DA:213,9
DA:214,9
DA:217,9
DA:219,0
DA:220,0
DA:226,21
DA:228,21
DA:229,0
DA:230,0
DA:239,21
DA:240,21
DA:241,0
DA:242,0
DA:245,716
DA:247,695
DA:253,80
DA:254,80
DA:255,80
DA:256,80
DA:258,0
DA:263,21
DA:266,21
DA:269,9
DA:271,9
DA:272,0
DA:273,0
DA:284,9
DA:285,9
DA:288,9
DA:290,9
DA:293,318
DA:294,309
DA:300,44
DA:302,0
DA:305,44
DA:306,0
DA:307,0
DA:308,0
DA:309,0
DA:310,0
DA:312,0
DA:315,0
DA:319,44
DA:320,44
DA:324,23
DA:330,9
DA:333,9
DA:334,9
DA:335,0
DA:336,0
DA:339,0
DA:340,0
DA:344,9
DA:347,12
DA:349,12
DA:350,0
DA:351,0
DA:357,12
DA:358,12
DA:359,0
DA:360,0
DA:363,12
DA:364,0
DA:365,0
DA:370,21
DA:372,9
DA:375,12
DA:378,3
DA:379,3
DA:381,3
DA:382,3
DA:385,3
DA:386,3
DA:389,0
DA:396,3
DA:397,0
DA:398,0
DA:402,3
DA:403,3
DA:405,3
DA:408,3
DA:417,3
DA:418,0
DA:419,0
DA:423,3
DA:424,3
DA:425,3
DA:426,3
DA:427,3
DA:428,3
DA:429,3
DA:430,3
DA:431,3
DA:433,3
DA:435,3
DA:436,3
DA:437,3
DA:440,12
DA:443,12
DA:446,9
DA:447,9
DA:450,9
DA:453,9
DA:456,12
DA:460,12
DA:461,0
DA:462,0
DA:465,12
DA:466,12
DA:467,0
DA:468,0
DA:474,12
DA:478,12
DA:480,12
DA:483,12
DA:486,3
DA:488,3
DA:489,0
DA:490,0
DA:493,3
DA:496,3
DA:498,3
LF:189
LH:131
end_of_record
TN:
SF:/home/runner/work/dlt-daemon/dlt-daemon/src/shared/dlt_offline_trace.c
FN:69,88,dlt_offline_trace_write
FNDA:0,dlt_offline_trace_write
FNF:1
FNH:0
DA:69,0
DA:78,0
DA:80,0
DA:83,0
DA:84,0
DA:85,0
LF:6
LH:0
end_of_record
TN:
SF:/home/runner/work/dlt-daemon/dlt-daemon/src/shared/dlt_protocol.c
FN:71,82,dlt_get_service_name
FNDA:11,dlt_get_service_name
FNF:1
FNH:1
DA:71,11
DA:73,11
DA:75,11
DA:76,11
DA:78,11
DA:79,11
DA:81,0
LF:7
LH:6
end_of_record
TN:
SF:/home/runner/work/dlt-daemon/dlt-daemon/src/shared/dlt_user_shared.c
FN:107,127,dlt_user_log_out2
FN:129,148,dlt_user_log_out2_with_timeout
FN:150,200,dlt_user_log_out3
FN:202,221,dlt_user_log_out3_with_timeout
FN:79,94,dlt_user_set_userheader
FN:96,105,dlt_user_check_userheader
FNDA:432,dlt_user_log_out2
FNDA:51,dlt_user_log_out2_with_timeout
FNDA:6375,dlt_user_log_out3
FNDA:0,dlt_user_log_out3_with_timeout
FNDA:6809,dlt_user_set_userheader
FNDA:11833,dlt_user_check_userheader
FNF:6
FNH:5
DA:79,6809
DA:81,6809
DA:84,6809
DA:87,6809
DA:88,6809
DA:89,6809
DA:90,6809
DA:91,6809
DA:93,6809
DA:96,11833
DA:98,11833
DA:101,23666
DA:102,11833
DA:103,23666
DA:104,11833
DA:107,432
DA:112,432
DA:116,94
DA:117,94
DA:118,94
DA:119,94
DA:121,94
DA:123,94
DA:129,51
DA:131,51
DA:136,51
DA:137,51
DA:139,51
DA:143,51
DA:144,51
DA:150,6375
DA:155,6375
DA:159,5857
DA:160,5857
DA:161,5857
DA:162,5857
DA:163,5857
DA:164,5857
DA:166,5857
DA:168,5857
DA:169,2
DA:185,0
DA:187,0
DA:202,0
DA:204,0
DA:209,0
DA:210,0
DA:212,0
DA:216,0
DA:217,0
LF:50
LH:41
end_of_record
